1619968052649	geckodriver	INFO	Listening on 127.0.0.1:37753
1619968053654	mozrunner::runner	INFO	Running command: "/usr/bin/firefox" "--marionette" "-foreground" "-no-remote" "-profile" "/tmp/rust_mozprofile67yi9f"
[GFX1-]: More than 1 GPU from same vendor detected via PCI, cannot deduce device
1619968054039	Marionette	INFO	Marionette enabled
console.warn: SearchSettings: "get: No settings file exists, new profile?" (new Error("", "(unknown module)"))
1619968055453	Marionette	INFO	Listening on port 37103
1619968055676	Marionette	WARN	TLS certificate errors will be ignored for this session
1619968058992	Marionette	WARN	Ignoring event 'pageshow' because document has an invalid readyState of 'uninitialized'.
1619968071270	Marionette	INFO	Stopped listening on port 37103
1619968102170	geckodriver	INFO	Listening on 127.0.0.1:44531
1619968103175	mozrunner::runner	INFO	Running command: "/usr/bin/firefox" "--marionette" "-foreground" "-no-remote" "-profile" "/tmp/rust_mozprofileygoQMv"
[GFX1-]: More than 1 GPU from same vendor detected via PCI, cannot deduce device
1619968103576	Marionette	INFO	Marionette enabled
console.warn: SearchSettings: "get: No settings file exists, new profile?" (new Error("", "(unknown module)"))
1619968105046	Marionette	INFO	Listening on port 40157
1619968105112	Marionette	WARN	TLS certificate errors will be ignored for this session
1619968107553	Marionette	WARN	Ignoring event 'pageshow' because document has an invalid readyState of 'uninitialized'.
1619968118838	Marionette	INFO	Stopped listening on port 40157
1619968211301	geckodriver	INFO	Listening on 127.0.0.1:40599
1619968211304	mozrunner::runner	INFO	Running command: "/usr/bin/firefox" "--marionette" "-foreground" "-no-remote" "-profile" "/tmp/rust_mozprofile3849RY"
[GFX1-]: More than 1 GPU from same vendor detected via PCI, cannot deduce device
1619968211636	Marionette	INFO	Marionette enabled
console.warn: SearchSettings: "get: No settings file exists, new profile?" (new Error("", "(unknown module)"))
1619968213174	Marionette	INFO	Listening on port 36023
1619968213236	Marionette	WARN	TLS certificate errors will be ignored for this session
1619968217252	Marionette	WARN	Ignoring event 'pageshow' because document has an invalid readyState of 'uninitialized'.
IPDL protocol error: Handler returned error code!

###!!! [Parent][DispatchAsyncMessage] Error: PLayerTransaction::Msg_ReleaseLayer Processing error: message was deserialized, but the handler returned false (indicating failure)

IPDL protocol error: Handler returned error code!

###!!! [Parent][DispatchAsyncMessage] Error: PLayerTransaction::Msg_ReleaseLayer Processing error: message was deserialized, but the handler returned false (indicating failure)

1619968226543	Marionette	INFO	Stopped listening on port 36023
1619968248308	geckodriver	INFO	Listening on 127.0.0.1:36721
1619968249312	mozrunner::runner	INFO	Running command: "/usr/bin/firefox" "--marionette" "-foreground" "-no-remote" "-profile" "/tmp/rust_mozprofile05Eocz"
[GFX1-]: More than 1 GPU from same vendor detected via PCI, cannot deduce device
1619968249695	Marionette	INFO	Marionette enabled
console.warn: SearchSettings: "get: No settings file exists, new profile?" (new Error("", "(unknown module)"))
1619968251470	Marionette	INFO	Listening on port 44771
1619968251537	Marionette	WARN	TLS certificate errors will be ignored for this session
1619968254901	Marionette	WARN	Ignoring event 'pageshow' because document has an invalid readyState of 'uninitialized'.
1619968274276	Marionette	INFO	Stopped listening on port 44771
1619968498495	geckodriver	INFO	Listening on 127.0.0.1:52783
1619968498498	mozrunner::runner	INFO	Running command: "/usr/bin/firefox" "--marionette" "-foreground" "-no-remote" "-profile" "/tmp/rust_mozprofile4uZMcl"
[GFX1-]: More than 1 GPU from same vendor detected via PCI, cannot deduce device
1619968498864	Marionette	INFO	Marionette enabled
console.warn: SearchSettings: "get: No settings file exists, new profile?" (new Error("", "(unknown module)"))
1619968500476	Marionette	INFO	Listening on port 46805
1619968500539	Marionette	WARN	TLS certificate errors will be ignored for this session
1619968503985	Marionette	WARN	Ignoring event 'pageshow' because document has an invalid readyState of 'uninitialized'.
1619968519375	Marionette	INFO	Stopped listening on port 46805

###!!! [Parent][RunMessage] Error: Channel closing: too late to send/recv, messages will be lost

1619968556630	geckodriver	INFO	Listening on 127.0.0.1:44173
1619968556632	mozrunner::runner	INFO	Running command: "/usr/bin/firefox" "--marionette" "-foreground" "-no-remote" "-profile" "/tmp/rust_mozprofiles1gT8u"
[GFX1-]: More than 1 GPU from same vendor detected via PCI, cannot deduce device
1619968556966	Marionette	INFO	Marionette enabled
console.warn: SearchSettings: "get: No settings file exists, new profile?" (new Error("", "(unknown module)"))
1619968558266	Marionette	INFO	Listening on port 46551
1619968558415	Marionette	WARN	TLS certificate errors will be ignored for this session
1619968562688	Marionette	WARN	Ignoring event 'pageshow' because document has an invalid readyState of 'uninitialized'.
1619968569042	Marionette	INFO	Stopped listening on port 46551
1619968636972	geckodriver	INFO	Listening on 127.0.0.1:41747
1619968636974	mozrunner::runner	INFO	Running command: "/usr/bin/firefox" "--marionette" "-foreground" "-no-remote" "-profile" "/tmp/rust_mozprofileOQg5ug"
[GFX1-]: More than 1 GPU from same vendor detected via PCI, cannot deduce device
1619968637335	Marionette	INFO	Marionette enabled
console.warn: SearchSettings: "get: No settings file exists, new profile?" (new Error("", "(unknown module)"))
1619968638910	Marionette	INFO	Listening on port 35993
1619968639000	Marionette	WARN	TLS certificate errors will be ignored for this session
1619968640759	Marionette	WARN	Ignoring event 'pageshow' because document has an invalid readyState of 'uninitialized'.
1619968657043	Marionette	INFO	Stopped listening on port 35993
1619968703172	geckodriver	INFO	Listening on 127.0.0.1:35177
1619968703174	mozrunner::runner	INFO	Running command: "/usr/bin/firefox" "--marionette" "-foreground" "-no-remote" "-profile" "/tmp/rust_mozprofile8yKoz0"
[GFX1-]: More than 1 GPU from same vendor detected via PCI, cannot deduce device
1619968703528	Marionette	INFO	Marionette enabled
console.warn: SearchSettings: "get: No settings file exists, new profile?" (new Error("", "(unknown module)"))
1619968705217	Marionette	INFO	Listening on port 34477
1619968705304	Marionette	WARN	TLS certificate errors will be ignored for this session
1619968708554	Marionette	WARN	Ignoring event 'pageshow' because document has an invalid readyState of 'uninitialized'.
1619968708845	Marionette	INFO	Stopped listening on port 34477
IPDL protocol error: Handler returned error code!

###!!! [Parent][DispatchAsyncMessage] Error: PLayerTransaction::Msg_ReleaseLayer Processing error: message was deserialized, but the handler returned false (indicating failure)

1619968738381	geckodriver	INFO	Listening on 127.0.0.1:34635
1619968738384	mozrunner::runner	INFO	Running command: "/usr/bin/firefox" "--marionette" "-foreground" "-no-remote" "-profile" "/tmp/rust_mozprofilekfPiGh"
[GFX1-]: More than 1 GPU from same vendor detected via PCI, cannot deduce device
1619968738762	Marionette	INFO	Marionette enabled
console.warn: SearchSettings: "get: No settings file exists, new profile?" (new Error("", "(unknown module)"))
1619968740480	Marionette	INFO	Listening on port 46685
1619968740514	Marionette	WARN	TLS certificate errors will be ignored for this session
1619968742518	Marionette	WARN	Ignoring event 'pageshow' because document has an invalid readyState of 'uninitialized'.
1619968744150	Marionette	INFO	Stopped listening on port 46685
IPDL protocol error: Handler returned error code!

###!!! [Parent][DispatchAsyncMessage] Error: PLayerTransaction::Msg_ReleaseLayer Processing error: message was deserialized, but the handler returned false (indicating failure)

IPDL protocol error: Handler returned error code!

###!!! [Parent][DispatchAsyncMessage] Error: PLayerTransaction::Msg_ReleaseLayer Processing error: message was deserialized, but the handler returned false (indicating failure)

IPDL protocol error: Handler returned error code!

###!!! [Parent][DispatchAsyncMessage] Error: PLayerTransaction::Msg_ReleaseLayer Processing error: message was deserialized, but the handler returned false (indicating failure)

IPDL protocol error: Handler returned error code!

###!!! [Parent][DispatchAsyncMessage] Error: PLayerTransaction::Msg_ReleaseLayer Processing error: message was deserialized, but the handler returned false (indicating failure)

IPDL protocol error: Handler returned error code!

###!!! [Parent][DispatchAsyncMessage] Error: PLayerTransaction::Msg_ReleaseLayer Processing error: message was deserialized, but the handler returned false (indicating failure)

IPDL protocol error: Handler returned error code!

###!!! [Parent][DispatchAsyncMessage] Error: PLayerTransaction::Msg_ReleaseLayer Processing error: message was deserialized, but the handler returned false (indicating failure)

IPDL protocol error: Handler returned error code!

###!!! [Parent][DispatchAsyncMessage] Error: PLayerTransaction::Msg_ReleaseLayer Processing error: message was deserialized, but the handler returned false (indicating failure)

IPDL protocol error: Handler returned error code!

###!!! [Parent][DispatchAsyncMessage] Error: PLayerTransaction::Msg_ReleaseLayer Processing error: message was deserialized, but the handler returned false (indicating failure)

IPDL protocol error: Handler returned error code!

###!!! [Parent][DispatchAsyncMessage] Error: PLayerTransaction::Msg_ReleaseLayer Processing error: message was deserialized, but the handler returned false (indicating failure)

IPDL protocol error: Handler returned error code!

###!!! [Parent][DispatchAsyncMessage] Error: PLayerTransaction::Msg_ReleaseLayer Processing error: message was deserialized, but the handler returned false (indicating failure)

IPDL protocol error: Handler returned error code!

###!!! [Parent][DispatchAsyncMessage] Error: PLayerTransaction::Msg_ReleaseLayer Processing error: message was deserialized, but the handler returned false (indicating failure)

IPDL protocol error: Handler returned error code!

###!!! [Parent][DispatchAsyncMessage] Error: PLayerTransaction::Msg_ReleaseLayer Processing error: message was deserialized, but the handler returned false (indicating failure)

IPDL protocol error: Handler returned error code!

###!!! [Parent][DispatchAsyncMessage] Error: PLayerTransaction::Msg_ReleaseLayer Processing error: message was deserialized, but the handler returned false (indicating failure)

IPDL protocol error: Handler returned error code!

###!!! [Parent][DispatchAsyncMessage] Error: PLayerTransaction::Msg_ReleaseLayer Processing error: message was deserialized, but the handler returned false (indicating failure)


###!!! [Parent][RunMessage] Error: Channel closing: too late to send/recv, messages will be lost

1619969058628	geckodriver	INFO	Listening on 127.0.0.1:58987
1619969058631	mozrunner::runner	INFO	Running command: "/usr/bin/firefox" "--marionette" "-foreground" "-no-remote" "-profile" "/tmp/rust_mozprofiletMcmXB"
[GFX1-]: More than 1 GPU from same vendor detected via PCI, cannot deduce device
1619969058987	Marionette	INFO	Marionette enabled
console.warn: SearchSettings: "get: No settings file exists, new profile?" (new Error("", "(unknown module)"))
1619969060650	Marionette	INFO	Listening on port 43753
1619969060766	Marionette	WARN	TLS certificate errors will be ignored for this session
1619969063073	Marionette	WARN	Ignoring event 'pageshow' because document has an invalid readyState of 'uninitialized'.
1619969064712	Marionette	INFO	Stopped listening on port 43753
1619969536917	geckodriver	INFO	Listening on 127.0.0.1:44409
1619969536919	mozrunner::runner	INFO	Running command: "/usr/bin/firefox" "--marionette" "-foreground" "-no-remote" "-profile" "/tmp/rust_mozprofileIS4DVA"
[GFX1-]: More than 1 GPU from same vendor detected via PCI, cannot deduce device
1619969537251	Marionette	INFO	Marionette enabled
console.warn: SearchSettings: "get: No settings file exists, new profile?" (new Error("", "(unknown module)"))
1619969538713	Marionette	INFO	Listening on port 32803
1619969538762	Marionette	WARN	TLS certificate errors will be ignored for this session
1619969541178	Marionette	WARN	Ignoring event 'pageshow' because document has an invalid readyState of 'uninitialized'.
1619969542610	Marionette	INFO	Stopped listening on port 32803
IPDL protocol error: Handler returned error code!

###!!! [Parent][DispatchAsyncMessage] Error: PLayerTransaction::Msg_ReleaseLayer Processing error: message was deserialized, but the handler returned false (indicating failure)

1619969566672	geckodriver	INFO	Listening on 127.0.0.1:52627
1619969566675	mozrunner::runner	INFO	Running command: "/usr/bin/firefox" "--marionette" "-foreground" "-no-remote" "-profile" "/tmp/rust_mozprofileULq4Mt"
[GFX1-]: More than 1 GPU from same vendor detected via PCI, cannot deduce device
1619969567019	Marionette	INFO	Marionette enabled
console.warn: SearchSettings: "get: No settings file exists, new profile?" (new Error("", "(unknown module)"))
1619969568710	Marionette	INFO	Listening on port 42407
1619969568807	Marionette	WARN	TLS certificate errors will be ignored for this session
1619969571024	Marionette	WARN	Ignoring event 'pageshow' because document has an invalid readyState of 'uninitialized'.
1619969572442	Marionette	INFO	Stopped listening on port 42407
IPDL protocol error: Handler returned error code!

###!!! [Parent][DispatchAsyncMessage] Error: PLayerTransaction::Msg_ReleaseLayer Processing error: message was deserialized, but the handler returned false (indicating failure)

IPDL protocol error: Handler returned error code!

###!!! [Parent][DispatchAsyncMessage] Error: PLayerTransaction::Msg_ReleaseLayer Processing error: message was deserialized, but the handler returned false (indicating failure)

1619969606346	geckodriver	INFO	Listening on 127.0.0.1:46435
1619969607351	mozrunner::runner	INFO	Running command: "/usr/bin/firefox" "--marionette" "-foreground" "-no-remote" "-profile" "/tmp/rust_mozprofile1IDnUZ"
[GFX1-]: More than 1 GPU from same vendor detected via PCI, cannot deduce device
1619969607715	Marionette	INFO	Marionette enabled
console.warn: SearchSettings: "get: No settings file exists, new profile?" (new Error("", "(unknown module)"))
1619969609446	Marionette	INFO	Listening on port 44479
1619969609477	Marionette	WARN	TLS certificate errors will be ignored for this session
1619969611486	Marionette	WARN	Ignoring event 'pageshow' because document has an invalid readyState of 'uninitialized'.
1619969612893	Marionette	INFO	Stopped listening on port 44479
IPDL protocol error: Handler returned error code!

###!!! [Parent][DispatchAsyncMessage] Error: PLayerTransaction::Msg_ReleaseLayer Processing error: message was deserialized, but the handler returned false (indicating failure)

1619969638768	geckodriver	INFO	Listening on 127.0.0.1:46017
1619969638771	mozrunner::runner	INFO	Running command: "/usr/bin/firefox" "--marionette" "-foreground" "-no-remote" "-profile" "/tmp/rust_mozprofileKjsSWb"
[GFX1-]: More than 1 GPU from same vendor detected via PCI, cannot deduce device
1619969639110	Marionette	INFO	Marionette enabled
console.warn: SearchSettings: "get: No settings file exists, new profile?" (new Error("", "(unknown module)"))
1619969640747	Marionette	INFO	Listening on port 43001
1619969640799	Marionette	WARN	TLS certificate errors will be ignored for this session
1619969642771	Marionette	WARN	Ignoring event 'pageshow' because document has an invalid readyState of 'uninitialized'.
1619969644112	Marionette	INFO	Stopped listening on port 43001
IPDL protocol error: Handler returned error code!

###!!! [Parent][DispatchAsyncMessage] Error: PLayerTransaction::Msg_ReleaseLayer Processing error: message was deserialized, but the handler returned false (indicating failure)

1619969657609	geckodriver	INFO	Listening on 127.0.0.1:55837
1619969657612	mozrunner::runner	INFO	Running command: "/usr/bin/firefox" "--marionette" "-foreground" "-no-remote" "-profile" "/tmp/rust_mozprofileLt66ob"
[GFX1-]: More than 1 GPU from same vendor detected via PCI, cannot deduce device
1619969657945	Marionette	INFO	Marionette enabled
console.warn: SearchSettings: "get: No settings file exists, new profile?" (new Error("", "(unknown module)"))
1619969659476	Marionette	INFO	Listening on port 46659
1619969659539	Marionette	WARN	TLS certificate errors will be ignored for this session
1619969661485	Marionette	WARN	Ignoring event 'pageshow' because document has an invalid readyState of 'uninitialized'.
1619969663433	Marionette	INFO	Stopped listening on port 46659
IPDL protocol error: Handler returned error code!

###!!! [Parent][DispatchAsyncMessage] Error: PLayerTransaction::Msg_ReleaseLayer Processing error: message was deserialized, but the handler returned false (indicating failure)

IPDL protocol error: Handler returned error code!

###!!! [Parent][DispatchAsyncMessage] Error: PLayerTransaction::Msg_ReleaseLayer Processing error: message was deserialized, but the handler returned false (indicating failure)

IPDL protocol error: Handler returned error code!

###!!! [Parent][DispatchAsyncMessage] Error: PLayerTransaction::Msg_ReleaseLayer Processing error: message was deserialized, but the handler returned false (indicating failure)

IPDL protocol error: Handler returned error code!

###!!! [Parent][DispatchAsyncMessage] Error: PLayerTransaction::Msg_ReleaseLayer Processing error: message was deserialized, but the handler returned false (indicating failure)

IPDL protocol error: Handler returned error code!

###!!! [Parent][DispatchAsyncMessage] Error: PLayerTransaction::Msg_ReleaseLayer Processing error: message was deserialized, but the handler returned false (indicating failure)

IPDL protocol error: Handler returned error code!

###!!! [Parent][DispatchAsyncMessage] Error: PLayerTransaction::Msg_ReleaseLayer Processing error: message was deserialized, but the handler returned false (indicating failure)

IPDL protocol error: Handler returned error code!

###!!! [Parent][DispatchAsyncMessage] Error: PLayerTransaction::Msg_ReleaseLayer Processing error: message was deserialized, but the handler returned false (indicating failure)

IPDL protocol error: Handler returned error code!

###!!! [Parent][DispatchAsyncMessage] Error: PLayerTransaction::Msg_ReleaseLayer Processing error: message was deserialized, but the handler returned false (indicating failure)

IPDL protocol error: Handler returned error code!

###!!! [Parent][DispatchAsyncMessage] Error: PLayerTransaction::Msg_ReleaseLayer Processing error: message was deserialized, but the handler returned false (indicating failure)

IPDL protocol error: Handler returned error code!

###!!! [Parent][DispatchAsyncMessage] Error: PLayerTransaction::Msg_ReleaseLayer Processing error: message was deserialized, but the handler returned false (indicating failure)

IPDL protocol error: Handler returned error code!

###!!! [Parent][DispatchAsyncMessage] Error: PLayerTransaction::Msg_ReleaseLayer Processing error: message was deserialized, but the handler returned false (indicating failure)

IPDL protocol error: Handler returned error code!

###!!! [Parent][DispatchAsyncMessage] Error: PLayerTransaction::Msg_ReleaseLayer Processing error: message was deserialized, but the handler returned false (indicating failure)

IPDL protocol error: Handler returned error code!

###!!! [Parent][DispatchAsyncMessage] Error: PLayerTransaction::Msg_ReleaseLayer Processing error: message was deserialized, but the handler returned false (indicating failure)

IPDL protocol error: Handler returned error code!

###!!! [Parent][DispatchAsyncMessage] Error: PLayerTransaction::Msg_ReleaseLayer Processing error: message was deserialized, but the handler returned false (indicating failure)

1619969696413	geckodriver	INFO	Listening on 127.0.0.1:35755
1619969696416	mozrunner::runner	INFO	Running command: "/usr/bin/firefox" "--marionette" "-foreground" "-no-remote" "-profile" "/tmp/rust_mozprofilesJUT3q"
[GFX1-]: More than 1 GPU from same vendor detected via PCI, cannot deduce device
1619969696764	Marionette	INFO	Marionette enabled
console.warn: SearchSettings: "get: No settings file exists, new profile?" (new Error("", "(unknown module)"))
1619969698453	Marionette	INFO	Listening on port 32931
1619969698540	Marionette	WARN	TLS certificate errors will be ignored for this session
1619969701536	Marionette	WARN	Ignoring event 'pageshow' because document has an invalid readyState of 'uninitialized'.
1619969702266	Marionette	INFO	Stopped listening on port 32931
1619969708465	geckodriver	INFO	Listening on 127.0.0.1:43889
1619969708470	mozrunner::runner	INFO	Running command: "/usr/bin/firefox" "--marionette" "-foreground" "-no-remote" "-profile" "/tmp/rust_mozprofile9C8nmF"
[GFX1-]: More than 1 GPU from same vendor detected via PCI, cannot deduce device
1619969708821	Marionette	INFO	Marionette enabled
console.warn: SearchSettings: "get: No settings file exists, new profile?" (new Error("", "(unknown module)"))
1619969710440	Marionette	INFO	Listening on port 34743
1619969710496	Marionette	WARN	TLS certificate errors will be ignored for this session
1619969713707	Marionette	WARN	Ignoring event 'pageshow' because document has an invalid readyState of 'uninitialized'.
1619969714414	Marionette	INFO	Stopped listening on port 34743
1619969845641	geckodriver	INFO	Listening on 127.0.0.1:41083
1619969845645	mozrunner::runner	INFO	Running command: "/usr/bin/firefox" "--marionette" "-foreground" "-no-remote" "-profile" "/tmp/rust_mozprofilePjIF1F"
[GFX1-]: More than 1 GPU from same vendor detected via PCI, cannot deduce device
1619969845990	Marionette	INFO	Marionette enabled
console.warn: SearchSettings: "get: No settings file exists, new profile?" (new Error("", "(unknown module)"))
1619969847609	Marionette	INFO	Listening on port 42747
1619969847664	Marionette	WARN	TLS certificate errors will be ignored for this session
1619969849874	Marionette	WARN	Ignoring event 'pageshow' because document has an invalid readyState of 'uninitialized'.
1619969851430	Marionette	INFO	Stopped listening on port 42747

###!!! [Parent][RunMessage] Error: Channel closing: too late to send/recv, messages will be lost

1619969906734	geckodriver	INFO	Listening on 127.0.0.1:52841
1619969906736	mozrunner::runner	INFO	Running command: "/usr/bin/firefox" "--marionette" "-foreground" "-no-remote" "-profile" "/tmp/rust_mozprofileFeQZoy"
[GFX1-]: More than 1 GPU from same vendor detected via PCI, cannot deduce device
1619969907062	Marionette	INFO	Marionette enabled
console.warn: SearchSettings: "get: No settings file exists, new profile?" (new Error("", "(unknown module)"))
1619969908616	Marionette	INFO	Listening on port 34941
1619969908654	Marionette	WARN	TLS certificate errors will be ignored for this session
1619969911312	Marionette	WARN	Ignoring event 'pageshow' because document has an invalid readyState of 'uninitialized'.
1619969912881	Marionette	INFO	Stopped listening on port 34941
IPDL protocol error: Handler returned error code!

###!!! [Parent][DispatchAsyncMessage] Error: PLayerTransaction::Msg_ReleaseLayer Processing error: message was deserialized, but the handler returned false (indicating failure)

JavaScript error: https://www.youtube.com/s/desktop/3a84d4c0/jsbin/scheduler.vflset/scheduler.js, line 36: NS_ERROR_NOT_INITIALIZED: 
JavaScript error: https://www.youtube.com/s/desktop/3a84d4c0/jsbin/scheduler.vflset/scheduler.js, line 36: NS_ERROR_NOT_INITIALIZED: 
1619970096261	geckodriver	INFO	Listening on 127.0.0.1:47015
1619970096265	mozrunner::runner	INFO	Running command: "/usr/bin/firefox" "--marionette" "-foreground" "-no-remote" "-profile" "/tmp/rust_mozprofileZOWZcS"
[GFX1-]: More than 1 GPU from same vendor detected via PCI, cannot deduce device
1619970096634	Marionette	INFO	Marionette enabled
console.warn: SearchSettings: "get: No settings file exists, new profile?" (new Error("", "(unknown module)"))
1619970098292	Marionette	INFO	Listening on port 39543
1619970098389	Marionette	WARN	TLS certificate errors will be ignored for this session
1619970100645	Marionette	WARN	Ignoring event 'pageshow' because document has an invalid readyState of 'uninitialized'.
1619970102558	Marionette	INFO	Stopped listening on port 39543
IPDL protocol error: Handler returned error code!

###!!! [Parent][DispatchAsyncMessage] Error: PLayerTransaction::Msg_ReleaseLayer Processing error: message was deserialized, but the handler returned false (indicating failure)

IPDL protocol error: Handler returned error code!

###!!! [Parent][DispatchAsyncMessage] Error: PLayerTransaction::Msg_ReleaseLayer Processing error: message was deserialized, but the handler returned false (indicating failure)

IPDL protocol error: Handler returned error code!

###!!! [Parent][DispatchAsyncMessage] Error: PLayerTransaction::Msg_ReleaseLayer Processing error: message was deserialized, but the handler returned false (indicating failure)

IPDL protocol error: Handler returned error code!

###!!! [Parent][DispatchAsyncMessage] Error: PLayerTransaction::Msg_ReleaseLayer Processing error: message was deserialized, but the handler returned false (indicating failure)

IPDL protocol error: Handler returned error code!

###!!! [Parent][DispatchAsyncMessage] Error: PLayerTransaction::Msg_ReleaseLayer Processing error: message was deserialized, but the handler returned false (indicating failure)

IPDL protocol error: Handler returned error code!

###!!! [Parent][DispatchAsyncMessage] Error: PLayerTransaction::Msg_ReleaseLayer Processing error: message was deserialized, but the handler returned false (indicating failure)

IPDL protocol error: Handler returned error code!

###!!! [Parent][DispatchAsyncMessage] Error: PLayerTransaction::Msg_ReleaseLayer Processing error: message was deserialized, but the handler returned false (indicating failure)

IPDL protocol error: Handler returned error code!

###!!! [Parent][DispatchAsyncMessage] Error: PLayerTransaction::Msg_ReleaseLayer Processing error: message was deserialized, but the handler returned false (indicating failure)

IPDL protocol error: Handler returned error code!

###!!! [Parent][DispatchAsyncMessage] Error: PLayerTransaction::Msg_ReleaseLayer Processing error: message was deserialized, but the handler returned false (indicating failure)

IPDL protocol error: Handler returned error code!

###!!! [Parent][DispatchAsyncMessage] Error: PLayerTransaction::Msg_ReleaseLayer Processing error: message was deserialized, but the handler returned false (indicating failure)

IPDL protocol error: Handler returned error code!

###!!! [Parent][DispatchAsyncMessage] Error: PLayerTransaction::Msg_ReleaseLayer Processing error: message was deserialized, but the handler returned false (indicating failure)

IPDL protocol error: Handler returned error code!

###!!! [Parent][DispatchAsyncMessage] Error: PLayerTransaction::Msg_ReleaseLayer Processing error: message was deserialized, but the handler returned false (indicating failure)

IPDL protocol error: Handler returned error code!

###!!! [Parent][DispatchAsyncMessage] Error: PLayerTransaction::Msg_ReleaseLayer Processing error: message was deserialized, but the handler returned false (indicating failure)

IPDL protocol error: Handler returned error code!

###!!! [Parent][DispatchAsyncMessage] Error: PLayerTransaction::Msg_ReleaseLayer Processing error: message was deserialized, but the handler returned false (indicating failure)

1619970111459	geckodriver	INFO	Listening on 127.0.0.1:46209
1619970112464	mozrunner::runner	INFO	Running command: "/usr/bin/firefox" "--marionette" "-foreground" "-no-remote" "-profile" "/tmp/rust_mozprofileRlSeEU"
[GFX1-]: More than 1 GPU from same vendor detected via PCI, cannot deduce device
1619970112839	Marionette	INFO	Marionette enabled
console.warn: SearchSettings: "get: No settings file exists, new profile?" (new Error("", "(unknown module)"))
1619970114494	Marionette	INFO	Listening on port 42885
1619970114589	Marionette	WARN	TLS certificate errors will be ignored for this session
1619970116732	Marionette	WARN	Ignoring event 'pageshow' because document has an invalid readyState of 'uninitialized'.
1619970118022	Marionette	INFO	Stopped listening on port 42885
IPDL protocol error: Handler returned error code!

###!!! [Parent][DispatchAsyncMessage] Error: PLayerTransaction::Msg_ReleaseLayer Processing error: message was deserialized, but the handler returned false (indicating failure)

1619970150305	geckodriver	INFO	Listening on 127.0.0.1:40169
1619970151309	mozrunner::runner	INFO	Running command: "/usr/bin/firefox" "--marionette" "-foreground" "-no-remote" "-profile" "/tmp/rust_mozprofileQXn2ii"
[GFX1-]: More than 1 GPU from same vendor detected via PCI, cannot deduce device
1619970151687	Marionette	INFO	Marionette enabled
console.warn: SearchSettings: "get: No settings file exists, new profile?" (new Error("", "(unknown module)"))
1619970153235	Marionette	INFO	Listening on port 42613
1619970153332	Marionette	WARN	TLS certificate errors will be ignored for this session
1619970155809	Marionette	WARN	Ignoring event 'pageshow' because document has an invalid readyState of 'uninitialized'.
1619970157503	Marionette	INFO	Stopped listening on port 42613
IPDL protocol error: Handler returned error code!

###!!! [Parent][DispatchAsyncMessage] Error: PLayerTransaction::Msg_ReleaseLayer Processing error: message was deserialized, but the handler returned false (indicating failure)

IPDL protocol error: Handler returned error code!

###!!! [Parent][DispatchAsyncMessage] Error: PLayerTransaction::Msg_ReleaseLayer Processing error: message was deserialized, but the handler returned false (indicating failure)

JavaScript error: https://www.youtube.com/s/desktop/3a84d4c0/jsbin/scheduler.vflset/scheduler.js, line 36: NS_ERROR_NOT_INITIALIZED: 
JavaScript error: https://www.youtube.com/s/desktop/3a84d4c0/jsbin/scheduler.vflset/scheduler.js, line 36: NS_ERROR_NOT_INITIALIZED: 
1619970175287	geckodriver	INFO	Listening on 127.0.0.1:52037
1619970175291	mozrunner::runner	INFO	Running command: "/usr/bin/firefox" "--marionette" "-foreground" "-no-remote" "-profile" "/tmp/rust_mozprofileACBhTz"
[GFX1-]: More than 1 GPU from same vendor detected via PCI, cannot deduce device
1619970175676	Marionette	INFO	Marionette enabled
console.warn: SearchSettings: "get: No settings file exists, new profile?" (new Error("", "(unknown module)"))
1619970177307	Marionette	INFO	Listening on port 35151
1619970177420	Marionette	WARN	TLS certificate errors will be ignored for this session
1619970181287	Marionette	WARN	Ignoring event 'pageshow' because document has an invalid readyState of 'uninitialized'.
1619970181953	Marionette	INFO	Stopped listening on port 35151
IPDL protocol error: Handler returned error code!

###!!! [Parent][DispatchAsyncMessage] Error: PLayerTransaction::Msg_ReleaseLayer Processing error: message was deserialized, but the handler returned false (indicating failure)

IPDL protocol error: Handler returned error code!

###!!! [Parent][DispatchAsyncMessage] Error: PLayerTransaction::Msg_ReleaseLayer Processing error: message was deserialized, but the handler returned false (indicating failure)

IPDL protocol error: Handler returned error code!

###!!! [Parent][DispatchAsyncMessage] Error: PLayerTransaction::Msg_ReleaseLayer Processing error: message was deserialized, but the handler returned false (indicating failure)

IPDL protocol error: Handler returned error code!

###!!! [Parent][DispatchAsyncMessage] Error: PLayerTransaction::Msg_ReleaseLayer Processing error: message was deserialized, but the handler returned false (indicating failure)

IPDL protocol error: Handler returned error code!

###!!! [Parent][DispatchAsyncMessage] Error: PLayerTransaction::Msg_ReleaseLayer Processing error: message was deserialized, but the handler returned false (indicating failure)

IPDL protocol error: Handler returned error code!

###!!! [Parent][DispatchAsyncMessage] Error: PLayerTransaction::Msg_ReleaseLayer Processing error: message was deserialized, but the handler returned false (indicating failure)

IPDL protocol error: Handler returned error code!

###!!! [Parent][DispatchAsyncMessage] Error: PLayerTransaction::Msg_ReleaseLayer Processing error: message was deserialized, but the handler returned false (indicating failure)

IPDL protocol error: Handler returned error code!

###!!! [Parent][DispatchAsyncMessage] Error: PLayerTransaction::Msg_ReleaseLayer Processing error: message was deserialized, but the handler returned false (indicating failure)

IPDL protocol error: Handler returned error code!

###!!! [Parent][DispatchAsyncMessage] Error: PLayerTransaction::Msg_ReleaseLayer Processing error: message was deserialized, but the handler returned false (indicating failure)

IPDL protocol error: Handler returned error code!

###!!! [Parent][DispatchAsyncMessage] Error: PLayerTransaction::Msg_ReleaseLayer Processing error: message was deserialized, but the handler returned false (indicating failure)

IPDL protocol error: Handler returned error code!

###!!! [Parent][DispatchAsyncMessage] Error: PLayerTransaction::Msg_ReleaseLayer Processing error: message was deserialized, but the handler returned false (indicating failure)

IPDL protocol error: Handler returned error code!

###!!! [Parent][DispatchAsyncMessage] Error: PLayerTransaction::Msg_ReleaseLayer Processing error: message was deserialized, but the handler returned false (indicating failure)

IPDL protocol error: Handler returned error code!

###!!! [Parent][DispatchAsyncMessage] Error: PLayerTransaction::Msg_ReleaseLayer Processing error: message was deserialized, but the handler returned false (indicating failure)

IPDL protocol error: Handler returned error code!

###!!! [Parent][DispatchAsyncMessage] Error: PLayerTransaction::Msg_ReleaseLayer Processing error: message was deserialized, but the handler returned false (indicating failure)


###!!! [Child][MessageChannel] Error: (msgtype=0x5D0009,name=PHttpChannel::Msg_DeletingChannel) Channel closing: too late to send/recv, messages will be lost


###!!! [Child][MessageChannel] Error: (msgtype=0x5D0009,name=PHttpChannel::Msg_DeletingChannel) Channel closing: too late to send/recv, messages will be lost


###!!! [Child][MessageChannel] Error: (msgtype=0x5D0009,name=PHttpChannel::Msg_DeletingChannel) Channel closing: too late to send/recv, messages will be lost

1619970193800	geckodriver	INFO	Listening on 127.0.0.1:55863
1619970194805	mozrunner::runner	INFO	Running command: "/usr/bin/firefox" "--marionette" "-foreground" "-no-remote" "-profile" "/tmp/rust_mozprofileD01fjU"
[GFX1-]: More than 1 GPU from same vendor detected via PCI, cannot deduce device
1619970195290	Marionette	INFO	Marionette enabled
console.warn: SearchSettings: "get: No settings file exists, new profile?" (new Error("", "(unknown module)"))
1619970196900	Marionette	INFO	Listening on port 38557
1619970196944	Marionette	WARN	TLS certificate errors will be ignored for this session
1619970199011	Marionette	WARN	Ignoring event 'pageshow' because document has an invalid readyState of 'uninitialized'.
1619970200526	Marionette	INFO	Stopped listening on port 38557
IPDL protocol error: Handler returned error code!

###!!! [Parent][DispatchAsyncMessage] Error: PLayerTransaction::Msg_ReleaseLayer Processing error: message was deserialized, but the handler returned false (indicating failure)

IPDL protocol error: Handler returned error code!

###!!! [Parent][DispatchAsyncMessage] Error: PLayerTransaction::Msg_ReleaseLayer Processing error: message was deserialized, but the handler returned false (indicating failure)


###!!! [Parent][RunMessage] Error: Channel closing: too late to send/recv, messages will be lost

1619970339771	geckodriver	INFO	Listening on 127.0.0.1:48073
1619970340776	mozrunner::runner	INFO	Running command: "/usr/bin/firefox" "--marionette" "-foreground" "-no-remote" "-profile" "/tmp/rust_mozprofileKkue5t"
[GFX1-]: More than 1 GPU from same vendor detected via PCI, cannot deduce device
1619970341179	Marionette	INFO	Marionette enabled
console.warn: SearchSettings: "get: No settings file exists, new profile?" (new Error("", "(unknown module)"))
1619970342843	Marionette	INFO	Listening on port 36849
1619970342902	Marionette	WARN	TLS certificate errors will be ignored for this session
1619970346044	Marionette	WARN	Ignoring event 'pageshow' because document has an invalid readyState of 'uninitialized'.
1619970346377	Marionette	INFO	Stopped listening on port 36849
1619970359430	geckodriver	INFO	Listening on 127.0.0.1:54715
1619970359433	mozrunner::runner	INFO	Running command: "/usr/bin/firefox" "--marionette" "-foreground" "-no-remote" "-profile" "/tmp/rust_mozprofileSIIIG8"
[GFX1-]: More than 1 GPU from same vendor detected via PCI, cannot deduce device
1619970359790	Marionette	INFO	Marionette enabled
console.warn: SearchSettings: "get: No settings file exists, new profile?" (new Error("", "(unknown module)"))
1619970361586	Marionette	INFO	Listening on port 37291
1619970361678	Marionette	WARN	TLS certificate errors will be ignored for this session
1619970364159	Marionette	WARN	Ignoring event 'pageshow' because document has an invalid readyState of 'uninitialized'.
1619970365902	Marionette	INFO	Stopped listening on port 37291
IPDL protocol error: Handler returned error code!

###!!! [Parent][DispatchAsyncMessage] Error: PLayerTransaction::Msg_ReleaseLayer Processing error: message was deserialized, but the handler returned false (indicating failure)

IPDL protocol error: Handler returned error code!

###!!! [Parent][DispatchAsyncMessage] Error: PLayerTransaction::Msg_ReleaseLayer Processing error: message was deserialized, but the handler returned false (indicating failure)

IPDL protocol error: Handler returned error code!

###!!! [Parent][DispatchAsyncMessage] Error: PLayerTransaction::Msg_ReleaseLayer Processing error: message was deserialized, but the handler returned false (indicating failure)

IPDL protocol error: Handler returned error code!

###!!! [Parent][DispatchAsyncMessage] Error: PLayerTransaction::Msg_ReleaseLayer Processing error: message was deserialized, but the handler returned false (indicating failure)

IPDL protocol error: Handler returned error code!

###!!! [Parent][DispatchAsyncMessage] Error: PLayerTransaction::Msg_ReleaseLayer Processing error: message was deserialized, but the handler returned false (indicating failure)

IPDL protocol error: Handler returned error code!

###!!! [Parent][DispatchAsyncMessage] Error: PLayerTransaction::Msg_ReleaseLayer Processing error: message was deserialized, but the handler returned false (indicating failure)

IPDL protocol error: Handler returned error code!

###!!! [Parent][DispatchAsyncMessage] Error: PLayerTransaction::Msg_ReleaseLayer Processing error: message was deserialized, but the handler returned false (indicating failure)

IPDL protocol error: Handler returned error code!

###!!! [Parent][DispatchAsyncMessage] Error: PLayerTransaction::Msg_ReleaseLayer Processing error: message was deserialized, but the handler returned false (indicating failure)

IPDL protocol error: Handler returned error code!

###!!! [Parent][DispatchAsyncMessage] Error: PLayerTransaction::Msg_ReleaseLayer Processing error: message was deserialized, but the handler returned false (indicating failure)

IPDL protocol error: Handler returned error code!

###!!! [Parent][DispatchAsyncMessage] Error: PLayerTransaction::Msg_ReleaseLayer Processing error: message was deserialized, but the handler returned false (indicating failure)

IPDL protocol error: Handler returned error code!

###!!! [Parent][DispatchAsyncMessage] Error: PLayerTransaction::Msg_ReleaseLayer Processing error: message was deserialized, but the handler returned false (indicating failure)

IPDL protocol error: Handler returned error code!

###!!! [Parent][DispatchAsyncMessage] Error: PLayerTransaction::Msg_ReleaseLayer Processing error: message was deserialized, but the handler returned false (indicating failure)

IPDL protocol error: Handler returned error code!

###!!! [Parent][DispatchAsyncMessage] Error: PLayerTransaction::Msg_ReleaseLayer Processing error: message was deserialized, but the handler returned false (indicating failure)

IPDL protocol error: Handler returned error code!

###!!! [Parent][DispatchAsyncMessage] Error: PLayerTransaction::Msg_ReleaseLayer Processing error: message was deserialized, but the handler returned false (indicating failure)

IPDL protocol error: Handler returned error code!

###!!! [Parent][DispatchAsyncMessage] Error: PLayerTransaction::Msg_ReleaseLayer Processing error: message was deserialized, but the handler returned false (indicating failure)

IPDL protocol error: Handler returned error code!

###!!! [Parent][DispatchAsyncMessage] Error: PLayerTransaction::Msg_ReleaseLayer Processing error: message was deserialized, but the handler returned false (indicating failure)

IPDL protocol error: Handler returned error code!

###!!! [Parent][DispatchAsyncMessage] Error: PLayerTransaction::Msg_ReleaseLayer Processing error: message was deserialized, but the handler returned false (indicating failure)

IPDL protocol error: Handler returned error code!

###!!! [Parent][DispatchAsyncMessage] Error: PLayerTransaction::Msg_ReleaseLayer Processing error: message was deserialized, but the handler returned false (indicating failure)

1619970381625	geckodriver	INFO	Listening on 127.0.0.1:43993
1619970381628	mozrunner::runner	INFO	Running command: "/usr/bin/firefox" "--marionette" "-foreground" "-no-remote" "-profile" "/tmp/rust_mozprofileV0VS31"
[GFX1-]: More than 1 GPU from same vendor detected via PCI, cannot deduce device
1619970381983	Marionette	INFO	Marionette enabled
console.warn: SearchSettings: "get: No settings file exists, new profile?" (new Error("", "(unknown module)"))
1619970383658	Marionette	INFO	Listening on port 42249
1619970383754	Marionette	WARN	TLS certificate errors will be ignored for this session
1619970386884	Marionette	WARN	Ignoring event 'pageshow' because document has an invalid readyState of 'uninitialized'.
1619970387670	Marionette	INFO	Stopped listening on port 42249
1619970405395	geckodriver	INFO	Listening on 127.0.0.1:54231
1619970405397	mozrunner::runner	INFO	Running command: "/usr/bin/firefox" "--marionette" "-foreground" "-no-remote" "-profile" "/tmp/rust_mozprofileX0kaSe"
[GFX1-]: More than 1 GPU from same vendor detected via PCI, cannot deduce device
1619970405758	Marionette	INFO	Marionette enabled
console.warn: SearchSettings: "get: No settings file exists, new profile?" (new Error("", "(unknown module)"))
1619970407302	Marionette	INFO	Listening on port 35857
1619970407343	Marionette	WARN	TLS certificate errors will be ignored for this session
1619970410220	Marionette	WARN	Ignoring event 'pageshow' because document has an invalid readyState of 'uninitialized'.
1619970411880	Marionette	INFO	Stopped listening on port 35857
IPDL protocol error: Handler returned error code!

###!!! [Parent][DispatchAsyncMessage] Error: PLayerTransaction::Msg_ReleaseLayer Processing error: message was deserialized, but the handler returned false (indicating failure)

IPDL protocol error: Handler returned error code!

###!!! [Parent][DispatchAsyncMessage] Error: PLayerTransaction::Msg_ReleaseLayer Processing error: message was deserialized, but the handler returned false (indicating failure)

IPDL protocol error: Handler returned error code!

###!!! [Parent][DispatchAsyncMessage] Error: PLayerTransaction::Msg_ReleaseLayer Processing error: message was deserialized, but the handler returned false (indicating failure)

IPDL protocol error: Handler returned error code!

###!!! [Parent][DispatchAsyncMessage] Error: PLayerTransaction::Msg_ReleaseLayer Processing error: message was deserialized, but the handler returned false (indicating failure)

IPDL protocol error: Handler returned error code!

###!!! [Parent][DispatchAsyncMessage] Error: PLayerTransaction::Msg_ReleaseLayer Processing error: message was deserialized, but the handler returned false (indicating failure)

IPDL protocol error: Handler returned error code!

###!!! [Parent][DispatchAsyncMessage] Error: PLayerTransaction::Msg_ReleaseLayer Processing error: message was deserialized, but the handler returned false (indicating failure)

IPDL protocol error: Handler returned error code!

###!!! [Parent][DispatchAsyncMessage] Error: PLayerTransaction::Msg_ReleaseLayer Processing error: message was deserialized, but the handler returned false (indicating failure)

IPDL protocol error: Handler returned error code!

###!!! [Parent][DispatchAsyncMessage] Error: PLayerTransaction::Msg_ReleaseLayer Processing error: message was deserialized, but the handler returned false (indicating failure)

IPDL protocol error: Handler returned error code!

###!!! [Parent][DispatchAsyncMessage] Error: PLayerTransaction::Msg_ReleaseLayer Processing error: message was deserialized, but the handler returned false (indicating failure)

IPDL protocol error: Handler returned error code!

###!!! [Parent][DispatchAsyncMessage] Error: PLayerTransaction::Msg_ReleaseLayer Processing error: message was deserialized, but the handler returned false (indicating failure)

IPDL protocol error: Handler returned error code!

###!!! [Parent][DispatchAsyncMessage] Error: PLayerTransaction::Msg_ReleaseLayer Processing error: message was deserialized, but the handler returned false (indicating failure)

IPDL protocol error: Handler returned error code!

###!!! [Parent][DispatchAsyncMessage] Error: PLayerTransaction::Msg_ReleaseLayer Processing error: message was deserialized, but the handler returned false (indicating failure)

IPDL protocol error: Handler returned error code!

###!!! [Parent][DispatchAsyncMessage] Error: PLayerTransaction::Msg_ReleaseLayer Processing error: message was deserialized, but the handler returned false (indicating failure)

JavaScript error: https://www.youtube.com/s/desktop/3a84d4c0/jsbin/spf.vflset/spf.js, line 28: NS_ERROR_NOT_INITIALIZED: 
1619970420461	geckodriver	INFO	Listening on 127.0.0.1:46473
1619970420463	mozrunner::runner	INFO	Running command: "/usr/bin/firefox" "--marionette" "-foreground" "-no-remote" "-profile" "/tmp/rust_mozprofile1IVC2W"
[GFX1-]: More than 1 GPU from same vendor detected via PCI, cannot deduce device
1619970420802	Marionette	INFO	Marionette enabled
console.warn: SearchSettings: "get: No settings file exists, new profile?" (new Error("", "(unknown module)"))
1619970422333	Marionette	INFO	Listening on port 37369
1619970422404	Marionette	WARN	TLS certificate errors will be ignored for this session
1619970425774	Marionette	WARN	Ignoring event 'pageshow' because document has an invalid readyState of 'uninitialized'.
1619970426168	Marionette	INFO	Stopped listening on port 37369
IPDL protocol error: Handler returned error code!

###!!! [Parent][DispatchAsyncMessage] Error: PLayerTransaction::Msg_ReleaseLayer Processing error: message was deserialized, but the handler returned false (indicating failure)

1619970432681	geckodriver	INFO	Listening on 127.0.0.1:38481
1619970433685	mozrunner::runner	INFO	Running command: "/usr/bin/firefox" "--marionette" "-foreground" "-no-remote" "-profile" "/tmp/rust_mozprofileUS9Q4N"
[GFX1-]: More than 1 GPU from same vendor detected via PCI, cannot deduce device
1619970434097	Marionette	INFO	Marionette enabled
console.warn: SearchSettings: "get: No settings file exists, new profile?" (new Error("", "(unknown module)"))
1619970435605	Marionette	INFO	Listening on port 41387
1619970435718	Marionette	WARN	TLS certificate errors will be ignored for this session
1619970439081	Marionette	WARN	Ignoring event 'pageshow' because document has an invalid readyState of 'uninitialized'.
1619970439402	Marionette	INFO	Stopped listening on port 41387
IPDL protocol error: Handler returned error code!

###!!! [Parent][DispatchAsyncMessage] Error: PLayerTransaction::Msg_ReleaseLayer Processing error: message was deserialized, but the handler returned false (indicating failure)

1619970495330	geckodriver	INFO	Listening on 127.0.0.1:56191
1619970495333	mozrunner::runner	INFO	Running command: "/usr/bin/firefox" "--marionette" "-foreground" "-no-remote" "-profile" "/tmp/rust_mozprofileLeqbv8"
[GFX1-]: More than 1 GPU from same vendor detected via PCI, cannot deduce device
1619970495698	Marionette	INFO	Marionette enabled
console.warn: SearchSettings: "get: No settings file exists, new profile?" (new Error("", "(unknown module)"))
1619970497205	Marionette	INFO	Listening on port 33495
1619970497272	Marionette	WARN	TLS certificate errors will be ignored for this session
1619970500495	Marionette	WARN	Ignoring event 'pageshow' because document has an invalid readyState of 'uninitialized'.
1619970500781	Marionette	INFO	Stopped listening on port 33495
1619970506083	geckodriver	INFO	Listening on 127.0.0.1:47731
1619970506086	mozrunner::runner	INFO	Running command: "/usr/bin/firefox" "--marionette" "-foreground" "-no-remote" "-profile" "/tmp/rust_mozprofileoBMNsh"
[GFX1-]: More than 1 GPU from same vendor detected via PCI, cannot deduce device
1619970506452	Marionette	INFO	Marionette enabled
console.warn: SearchSettings: "get: No settings file exists, new profile?" (new Error("", "(unknown module)"))
1619970508073	Marionette	INFO	Listening on port 41939
1619970508110	Marionette	WARN	TLS certificate errors will be ignored for this session
1619970510152	Marionette	WARN	Ignoring event 'pageshow' because document has an invalid readyState of 'uninitialized'.
1619970511719	Marionette	INFO	Stopped listening on port 41939
1619970539011	geckodriver	INFO	Listening on 127.0.0.1:52343
1619970539014	mozrunner::runner	INFO	Running command: "/usr/bin/firefox" "--marionette" "-foreground" "-no-remote" "-profile" "/tmp/rust_mozprofile59MIFr"
[GFX1-]: More than 1 GPU from same vendor detected via PCI, cannot deduce device
1619970539388	Marionette	INFO	Marionette enabled
console.warn: SearchSettings: "get: No settings file exists, new profile?" (new Error("", "(unknown module)"))
1619970540975	Marionette	INFO	Listening on port 36091
1619970541038	Marionette	WARN	TLS certificate errors will be ignored for this session
1619970544085	Marionette	WARN	Ignoring event 'pageshow' because document has an invalid readyState of 'uninitialized'.
1619970544508	Marionette	INFO	Stopped listening on port 36091
IPDL protocol error: Handler returned error code!

###!!! [Parent][DispatchAsyncMessage] Error: PLayerTransaction::Msg_ReleaseLayer Processing error: message was deserialized, but the handler returned false (indicating failure)


###!!! [Parent][RunMessage] Error: Channel closing: too late to send/recv, messages will be lost

1619970648728	geckodriver	INFO	Listening on 127.0.0.1:52213
1619970648732	mozrunner::runner	INFO	Running command: "/usr/bin/firefox" "--marionette" "-foreground" "-no-remote" "-profile" "/tmp/rust_mozprofileUewW4C"
[GFX1-]: More than 1 GPU from same vendor detected via PCI, cannot deduce device
1619970649075	Marionette	INFO	Marionette enabled
console.warn: SearchSettings: "get: No settings file exists, new profile?" (new Error("", "(unknown module)"))
1619970650730	Marionette	INFO	Listening on port 44667
1619970650758	Marionette	WARN	TLS certificate errors will be ignored for this session
1619970653884	Marionette	WARN	Ignoring event 'pageshow' because document has an invalid readyState of 'uninitialized'.
1619970654261	Marionette	INFO	Stopped listening on port 44667
IPDL protocol error: Handler returned error code!

###!!! [Parent][DispatchAsyncMessage] Error: PLayerTransaction::Msg_ReleaseLayer Processing error: message was deserialized, but the handler returned false (indicating failure)

1619970959153	geckodriver	INFO	Listening on 127.0.0.1:60499
1619970959155	mozrunner::runner	INFO	Running command: "/usr/bin/firefox" "--marionette" "-foreground" "-no-remote" "-profile" "/tmp/rust_mozprofilesnH9qk"
[GFX1-]: More than 1 GPU from same vendor detected via PCI, cannot deduce device
1619970959495	Marionette	INFO	Marionette enabled
console.warn: SearchSettings: "get: No settings file exists, new profile?" (new Error("", "(unknown module)"))
1619970961047	Marionette	INFO	Listening on port 41507
1619970961080	Marionette	WARN	TLS certificate errors will be ignored for this session
1619970965170	Marionette	WARN	Ignoring event 'pageshow' because document has an invalid readyState of 'uninitialized'.
1619970965855	Marionette	INFO	Stopped listening on port 41507
IPDL protocol error: Handler returned error code!

###!!! [Parent][DispatchAsyncMessage] Error: PLayerTransaction::Msg_ReleaseLayer Processing error: message was deserialized, but the handler returned false (indicating failure)

IPDL protocol error: Handler returned error code!

###!!! [Parent][DispatchAsyncMessage] Error: PLayerTransaction::Msg_ReleaseLayer Processing error: message was deserialized, but the handler returned false (indicating failure)

IPDL protocol error: Handler returned error code!

###!!! [Parent][DispatchAsyncMessage] Error: PLayerTransaction::Msg_ReleaseLayer Processing error: message was deserialized, but the handler returned false (indicating failure)

IPDL protocol error: Handler returned error code!

###!!! [Parent][DispatchAsyncMessage] Error: PLayerTransaction::Msg_ReleaseLayer Processing error: message was deserialized, but the handler returned false (indicating failure)

IPDL protocol error: Handler returned error code!

###!!! [Parent][DispatchAsyncMessage] Error: PLayerTransaction::Msg_ReleaseLayer Processing error: message was deserialized, but the handler returned false (indicating failure)

IPDL protocol error: Handler returned error code!

###!!! [Parent][DispatchAsyncMessage] Error: PLayerTransaction::Msg_ReleaseLayer Processing error: message was deserialized, but the handler returned false (indicating failure)

IPDL protocol error: Handler returned error code!

###!!! [Parent][DispatchAsyncMessage] Error: PLayerTransaction::Msg_ReleaseLayer Processing error: message was deserialized, but the handler returned false (indicating failure)

IPDL protocol error: Handler returned error code!

###!!! [Parent][DispatchAsyncMessage] Error: PLayerTransaction::Msg_ReleaseLayer Processing error: message was deserialized, but the handler returned false (indicating failure)

IPDL protocol error: Handler returned error code!

###!!! [Parent][DispatchAsyncMessage] Error: PLayerTransaction::Msg_ReleaseLayer Processing error: message was deserialized, but the handler returned false (indicating failure)

IPDL protocol error: Handler returned error code!

###!!! [Parent][DispatchAsyncMessage] Error: PLayerTransaction::Msg_ReleaseLayer Processing error: message was deserialized, but the handler returned false (indicating failure)

IPDL protocol error: Handler returned error code!

###!!! [Parent][DispatchAsyncMessage] Error: PLayerTransaction::Msg_ReleaseLayer Processing error: message was deserialized, but the handler returned false (indicating failure)

IPDL protocol error: Handler returned error code!

###!!! [Parent][DispatchAsyncMessage] Error: PLayerTransaction::Msg_ReleaseLayer Processing error: message was deserialized, but the handler returned false (indicating failure)

IPDL protocol error: Handler returned error code!

###!!! [Parent][DispatchAsyncMessage] Error: PLayerTransaction::Msg_ReleaseLayer Processing error: message was deserialized, but the handler returned false (indicating failure)

IPDL protocol error: Handler returned error code!

###!!! [Parent][DispatchAsyncMessage] Error: PLayerTransaction::Msg_ReleaseLayer Processing error: message was deserialized, but the handler returned false (indicating failure)

IPDL protocol error: Handler returned error code!

###!!! [Parent][DispatchAsyncMessage] Error: PLayerTransaction::Msg_ReleaseLayer Processing error: message was deserialized, but the handler returned false (indicating failure)

IPDL protocol error: Handler returned error code!

###!!! [Parent][DispatchAsyncMessage] Error: PLayerTransaction::Msg_ReleaseLayer Processing error: message was deserialized, but the handler returned false (indicating failure)

IPDL protocol error: Handler returned error code!

###!!! [Parent][DispatchAsyncMessage] Error: PLayerTransaction::Msg_ReleaseLayer Processing error: message was deserialized, but the handler returned false (indicating failure)

IPDL protocol error: Handler returned error code!

###!!! [Parent][DispatchAsyncMessage] Error: PLayerTransaction::Msg_ReleaseLayer Processing error: message was deserialized, but the handler returned false (indicating failure)

IPDL protocol error: Handler returned error code!

###!!! [Parent][DispatchAsyncMessage] Error: PLayerTransaction::Msg_ReleaseLayer Processing error: message was deserialized, but the handler returned false (indicating failure)

IPDL protocol error: Handler returned error code!

###!!! [Parent][DispatchAsyncMessage] Error: PLayerTransaction::Msg_ReleaseLayer Processing error: message was deserialized, but the handler returned false (indicating failure)

IPDL protocol error: Handler returned error code!

###!!! [Parent][DispatchAsyncMessage] Error: PLayerTransaction::Msg_ReleaseLayer Processing error: message was deserialized, but the handler returned false (indicating failure)

IPDL protocol error: Handler returned error code!

###!!! [Parent][DispatchAsyncMessage] Error: PLayerTransaction::Msg_ReleaseLayer Processing error: message was deserialized, but the handler returned false (indicating failure)

IPDL protocol error: Handler returned error code!

###!!! [Parent][DispatchAsyncMessage] Error: PLayerTransaction::Msg_ReleaseLayer Processing error: message was deserialized, but the handler returned false (indicating failure)

IPDL protocol error: Handler returned error code!

###!!! [Parent][DispatchAsyncMessage] Error: PLayerTransaction::Msg_ReleaseLayer Processing error: message was deserialized, but the handler returned false (indicating failure)


###!!! [Parent][RunMessage] Error: Channel closing: too late to send/recv, messages will be lost


###!!! [Parent][RunMessage] Error: Channel closing: too late to send/recv, messages will be lost


###!!! [Parent][RunMessage] Error: Channel closing: too late to send/recv, messages will be lost


###!!! [Parent][RunMessage] Error: Channel closing: too late to send/recv, messages will be lost


###!!! [Parent][RunMessage] Error: Channel closing: too late to send/recv, messages will be lost

1619971202652	geckodriver	INFO	Listening on 127.0.0.1:39377
1619971203657	mozrunner::runner	INFO	Running command: "/usr/bin/firefox" "--marionette" "-headless" "user-agent=User-Agent: Mozilla/5.0 (X11; Linux x86_64; rv:88.0) Gecko/20100101 Firefox/88.0" "--window-size=1920,1080" "--ignore-certificate-errors" "--allow-running-insecure-content" "--disable-extensions" "--proxy-server=\'direct://\'" "--proxy-bypass-list=*" "--start-maximized" "--disable-gpu" "--disable-dev-shm-usage" "--no-sandbox" "-foreground" "-no-remote" "-profile" "/tmp/rust_mozprofileaKTi3U"
*** You are running in headless mode.
[GFX1-]: More than 1 GPU from same vendor detected via PCI, cannot deduce device
1619971203993	Marionette	INFO	Marionette enabled

(/usr/lib/firefox/firefox:109716): GLib-GObject-CRITICAL **: 18:00:04.396: g_object_set: assertion 'G_IS_OBJECT (object)' failed

(/usr/lib/firefox/firefox:109734): GLib-GObject-CRITICAL **: 18:00:04.513: g_object_set: assertion 'G_IS_OBJECT (object)' failed
console.warn: SearchSettings: "get: No settings file exists, new profile?" (new Error("", "(unknown module)"))

(/usr/lib/firefox/firefox:109772): GLib-GObject-CRITICAL **: 18:00:04.755: g_object_set: assertion 'G_IS_OBJECT (object)' failed
1619971205458	Marionette	INFO	Listening on port 46097
1619971205497	Marionette	WARN	TLS certificate errors will be ignored for this session

(/usr/lib/firefox/firefox:109842): GLib-GObject-CRITICAL **: 18:00:05.536: g_object_set: assertion 'G_IS_OBJECT (object)' failed
JavaScript error: resource://gre/modules/XULStore.jsm, line 66: Error: Can't find profile directory.
JavaScript error: resource://gre/modules/XULStore.jsm, line 66: Error: Can't find profile directory.
JavaScript error: resource://gre/modules/XULStore.jsm, line 66: Error: Can't find profile directory.
JavaScript error: resource://gre/modules/XULStore.jsm, line 66: Error: Can't find profile directory.

(/usr/lib/firefox/firefox:109902): GLib-GObject-CRITICAL **: 18:00:07.312: g_object_set: assertion 'G_IS_OBJECT (object)' failed
1619971209206	Marionette	WARN	Ignoring event 'pageshow' because document has an invalid readyState of 'uninitialized'.
1619972688918	geckodriver	INFO	Listening on 127.0.0.1:35841
1619972689923	mozrunner::runner	INFO	Running command: "/usr/bin/firefox" "--marionette" "-headless" "user-agent=User-Agent: Mozilla/5.0 (X11; Linux x86_64; rv:88.0) Gecko/20100101 Firefox/88.0" "--window-size=1920,1080" "--ignore-certificate-errors" "--allow-running-insecure-content" "--disable-extensions" "--proxy-server=\'direct://\'" "--proxy-bypass-list=*" "--start-maximized" "--disable-gpu" "--disable-dev-shm-usage" "--no-sandbox" "-foreground" "-no-remote" "-profile" "/tmp/rust_mozprofileg25soU"
*** You are running in headless mode.
[GFX1-]: More than 1 GPU from same vendor detected via PCI, cannot deduce device
1619972690272	Marionette	INFO	Marionette enabled

(/usr/lib/firefox/firefox:123468): GLib-GObject-CRITICAL **: 18:24:50.709: g_object_set: assertion 'G_IS_OBJECT (object)' failed

(/usr/lib/firefox/firefox:123486): GLib-GObject-CRITICAL **: 18:24:50.784: g_object_set: assertion 'G_IS_OBJECT (object)' failed
console.warn: SearchSettings: "get: No settings file exists, new profile?" (new Error("", "(unknown module)"))

(/usr/lib/firefox/firefox:123524): GLib-GObject-CRITICAL **: 18:24:51.061: g_object_set: assertion 'G_IS_OBJECT (object)' failed
1619972691685	Marionette	INFO	Listening on port 46845

(/usr/lib/firefox/firefox:123592): GLib-GObject-CRITICAL **: 18:24:51.745: g_object_set: assertion 'G_IS_OBJECT (object)' failed
1619972691757	Marionette	WARN	TLS certificate errors will be ignored for this session
JavaScript error: resource://gre/modules/XULStore.jsm, line 66: Error: Can't find profile directory.
JavaScript error: resource://gre/modules/XULStore.jsm, line 66: Error: Can't find profile directory.
JavaScript error: resource://gre/modules/XULStore.jsm, line 66: Error: Can't find profile directory.
JavaScript error: resource://gre/modules/XULStore.jsm, line 66: Error: Can't find profile directory.

(/usr/lib/firefox/firefox:123651): GLib-GObject-CRITICAL **: 18:24:53.628: g_object_set: assertion 'G_IS_OBJECT (object)' failed
1619972694652	Marionette	WARN	Ignoring event 'pageshow' because document has an invalid readyState of 'uninitialized'.
1619981129359	geckodriver	INFO	Listening on 127.0.0.1:56511
1619981130356	mozrunner::runner	INFO	Running command: "/usr/bin/firefox" "--marionette" "-headless" "user-agent=User-Agent: Mozilla/5.0 (X11; Linux x86_64; rv:88.0) Gecko/20100101 Firefox/88.0" "--window-size=1920,1080" "--ignore-certificate-errors" "--allow-running-insecure-content" "--disable-extensions" "--proxy-server=\'direct://\'" "--proxy-bypass-list=*" "--start-maximized" "--disable-gpu" "--disable-dev-shm-usage" "--no-sandbox" "-foreground" "-no-remote" "-profile" "/tmp/rust_mozprofilerTHBiQ"
*** You are running in headless mode.
[GFX1-]: More than 1 GPU from same vendor detected via PCI, cannot deduce device
1619981130925	Marionette	INFO	Marionette enabled

(/usr/lib/firefox/firefox:3740): GLib-GObject-CRITICAL **: 20:45:31.366: g_object_set: assertion 'G_IS_OBJECT (object)' failed

(/usr/lib/firefox/firefox:3756): GLib-GObject-CRITICAL **: 20:45:31.476: g_object_set: assertion 'G_IS_OBJECT (object)' failed
console.warn: SearchSettings: "get: No settings file exists, new profile?" (new Error("", "(unknown module)"))

(/usr/lib/firefox/firefox:3794): GLib-GObject-CRITICAL **: 20:45:31.731: g_object_set: assertion 'G_IS_OBJECT (object)' failed
1619981132420	Marionette	INFO	Listening on port 33717
1619981132487	Marionette	WARN	TLS certificate errors will be ignored for this session

(/usr/lib/firefox/firefox:3861): GLib-GObject-CRITICAL **: 20:45:32.502: g_object_set: assertion 'G_IS_OBJECT (object)' failed
JavaScript error: resource://gre/modules/XULStore.jsm, line 66: Error: Can't find profile directory.
JavaScript error: resource://gre/modules/XULStore.jsm, line 66: Error: Can't find profile directory.
JavaScript error: resource://gre/modules/XULStore.jsm, line 66: Error: Can't find profile directory.
JavaScript error: resource://gre/modules/XULStore.jsm, line 66: Error: Can't find profile directory.

(/usr/lib/firefox/firefox:3920): GLib-GObject-CRITICAL **: 20:45:34.385: g_object_set: assertion 'G_IS_OBJECT (object)' failed
1619981134976	Marionette	WARN	Ignoring event 'pageshow' because document has an invalid readyState of 'uninitialized'.
Exiting due to channel error.
Exiting due to channel error.
Exiting due to channel error.
Exiting due to channel error.
Exiting due to channel error.
1619981512739	geckodriver	INFO	Listening on 127.0.0.1:39125
1619981512743	mozrunner::runner	INFO	Running command: "/usr/bin/firefox" "--marionette" "-headless" "user-agent=User-Agent: Mozilla/5.0 (X11; Linux x86_64; rv:88.0) Gecko/20100101 Firefox/88.0" "--window-size=1920,1080" "--ignore-certificate-errors" "--allow-running-insecure-content" "--disable-extensions" "--proxy-server=\'direct://\'" "--proxy-bypass-list=*" "--start-maximized" "--disable-gpu" "--disable-dev-shm-usage" "--no-sandbox" "-foreground" "-no-remote" "-profile" "/tmp/rust_mozprofilecKk3Y5"
*** You are running in headless mode.
[GFX1-]: More than 1 GPU from same vendor detected via PCI, cannot deduce device
1619981513054	Marionette	INFO	Marionette enabled

(/usr/lib/firefox/firefox:7403): GLib-GObject-CRITICAL **: 20:51:53.460: g_object_set: assertion 'G_IS_OBJECT (object)' failed

(/usr/lib/firefox/firefox:7421): GLib-GObject-CRITICAL **: 20:51:53.514: g_object_set: assertion 'G_IS_OBJECT (object)' failed
console.warn: SearchSettings: "get: No settings file exists, new profile?" (new Error("", "(unknown module)"))

(/usr/lib/firefox/firefox:7459): GLib-GObject-CRITICAL **: 20:51:53.787: g_object_set: assertion 'G_IS_OBJECT (object)' failed
1619981514463	Marionette	INFO	Listening on port 43205

(/usr/lib/firefox/firefox:7542): GLib-GObject-CRITICAL **: 20:51:54.513: g_object_set: assertion 'G_IS_OBJECT (object)' failed
1619981514574	Marionette	WARN	TLS certificate errors will be ignored for this session
JavaScript error: resource://gre/modules/XULStore.jsm, line 66: Error: Can't find profile directory.
JavaScript error: resource://gre/modules/XULStore.jsm, line 66: Error: Can't find profile directory.
JavaScript error: resource://gre/modules/XULStore.jsm, line 66: Error: Can't find profile directory.
JavaScript error: resource://gre/modules/XULStore.jsm, line 66: Error: Can't find profile directory.

(/usr/lib/firefox/firefox:7598): GLib-GObject-CRITICAL **: 20:51:56.156: g_object_set: assertion 'G_IS_OBJECT (object)' failed
1619981518029	Marionette	WARN	Ignoring event 'pageshow' because document has an invalid readyState of 'uninitialized'.
Exiting due to channel error.
Exiting due to channel error.
Exiting due to channel error.
Exiting due to channel error.
Exiting due to channel error.
1619981649293	geckodriver	INFO	Listening on 127.0.0.1:59245
1619981650298	mozrunner::runner	INFO	Running command: "/usr/bin/firefox" "--marionette" "-headless" "user-agent=User-Agent: Mozilla/5.0 (X11; Linux x86_64; rv:88.0) Gecko/20100101 Firefox/88.0" "--window-size=1920,1080" "--ignore-certificate-errors" "--allow-running-insecure-content" "--disable-extensions" "--proxy-server=\'direct://\'" "--proxy-bypass-list=*" "--start-maximized" "--disable-gpu" "--disable-dev-shm-usage" "--no-sandbox" "-foreground" "-no-remote" "-profile" "/tmp/rust_mozprofileTj8PgY"
*** You are running in headless mode.
[GFX1-]: More than 1 GPU from same vendor detected via PCI, cannot deduce device
1619981650668	Marionette	INFO	Marionette enabled

(/usr/lib/firefox/firefox:9088): GLib-GObject-CRITICAL **: 20:54:11.107: g_object_set: assertion 'G_IS_OBJECT (object)' failed

(/usr/lib/firefox/firefox:9104): GLib-GObject-CRITICAL **: 20:54:11.213: g_object_set: assertion 'G_IS_OBJECT (object)' failed
console.warn: SearchSettings: "get: No settings file exists, new profile?" (new Error("", "(unknown module)"))

(/usr/lib/firefox/firefox:9139): GLib-GObject-CRITICAL **: 20:54:11.514: g_object_set: assertion 'G_IS_OBJECT (object)' failed
1619981700012	geckodriver	INFO	Listening on 127.0.0.1:40039
1619981700015	mozrunner::runner	INFO	Running command: "/usr/bin/firefox" "--marionette" "-foreground" "-no-remote" "-profile" "/tmp/rust_mozprofileZaosJc"
[GFX1-]: More than 1 GPU from same vendor detected via PCI, cannot deduce device
1619981700355	Marionette	INFO	Marionette enabled
console.warn: SearchSettings: "get: No settings file exists, new profile?" (new Error("", "(unknown module)"))
1619981702025	Marionette	INFO	Listening on port 43821
1619981702147	Marionette	WARN	TLS certificate errors will be ignored for this session
1619981709573	Marionette	INFO	Stopped listening on port 43821
1619981749624	geckodriver	INFO	Listening on 127.0.0.1:36391
1619981750628	mozrunner::runner	INFO	Running command: "/usr/bin/firefox" "--marionette" "-foreground" "-no-remote" "-profile" "/tmp/rust_mozprofileqH381K"
[GFX1-]: More than 1 GPU from same vendor detected via PCI, cannot deduce device
1619981751032	Marionette	INFO	Marionette enabled
console.warn: SearchSettings: "get: No settings file exists, new profile?" (new Error("", "(unknown module)"))
1619981752636	Marionette	INFO	Listening on port 33201
1619981752746	Marionette	WARN	TLS certificate errors will be ignored for this session
1619981754921	Marionette	WARN	Ignoring event 'pageshow' because document has an invalid readyState of 'uninitialized'.
1619981756501	Marionette	INFO	Stopped listening on port 33201
1619981804493	geckodriver	INFO	Listening on 127.0.0.1:45487
1619981804496	mozrunner::runner	INFO	Running command: "/usr/bin/firefox" "--marionette" "-foreground" "-no-remote" "-profile" "/tmp/rust_mozprofileyc4qbU"
[GFX1-]: More than 1 GPU from same vendor detected via PCI, cannot deduce device
1619981804834	Marionette	INFO	Marionette enabled
console.warn: SearchSettings: "get: No settings file exists, new profile?" (new Error("", "(unknown module)"))
1619981806336	Marionette	INFO	Listening on port 37901
1619981806424	Marionette	WARN	TLS certificate errors will be ignored for this session
1619981808593	Marionette	WARN	Ignoring event 'pageshow' because document has an invalid readyState of 'uninitialized'.
1619981810289	Marionette	INFO	Stopped listening on port 37901
1619981882593	geckodriver	INFO	Listening on 127.0.0.1:53441
1619981882596	mozrunner::runner	INFO	Running command: "/usr/bin/firefox" "--marionette" "-headless" "user-agent=User-Agent: Mozilla/5.0 (X11; Linux x86_64; rv:88.0) Gecko/20100101 Firefox/88.0" "--window-size=1920,1080" "--ignore-certificate-errors" "--allow-running-insecure-content" "--disable-extensions" "--proxy-server=\'direct://\'" "--proxy-bypass-list=*" "--start-maximized" "--disable-gpu" "--disable-dev-shm-usage" "--no-sandbox" "-foreground" "-no-remote" "-profile" "/tmp/rust_mozprofile8o2ID3"
*** You are running in headless mode.
[GFX1-]: More than 1 GPU from same vendor detected via PCI, cannot deduce device
1619981882907	Marionette	INFO	Marionette enabled

(/usr/lib/firefox/firefox:12499): GLib-GObject-CRITICAL **: 20:58:03.281: g_object_set: assertion 'G_IS_OBJECT (object)' failed

(/usr/lib/firefox/firefox:12517): GLib-GObject-CRITICAL **: 20:58:03.368: g_object_set: assertion 'G_IS_OBJECT (object)' failed
console.warn: SearchSettings: "get: No settings file exists, new profile?" (new Error("", "(unknown module)"))

(/usr/lib/firefox/firefox:12555): GLib-GObject-CRITICAL **: 20:58:03.628: g_object_set: assertion 'G_IS_OBJECT (object)' failed
1619981884297	Marionette	INFO	Listening on port 37565
1619981884331	Marionette	WARN	TLS certificate errors will be ignored for this session

(/usr/lib/firefox/firefox:12623): GLib-GObject-CRITICAL **: 20:58:04.350: g_object_set: assertion 'G_IS_OBJECT (object)' failed
JavaScript error: resource://gre/modules/XULStore.jsm, line 66: Error: Can't find profile directory.
JavaScript error: resource://gre/modules/XULStore.jsm, line 66: Error: Can't find profile directory.
JavaScript error: resource://gre/modules/XULStore.jsm, line 66: Error: Can't find profile directory.
JavaScript error: resource://gre/modules/XULStore.jsm, line 66: Error: Can't find profile directory.

(/usr/lib/firefox/firefox:12680): GLib-GObject-CRITICAL **: 20:58:05.925: g_object_set: assertion 'G_IS_OBJECT (object)' failed
1619981887561	Marionette	WARN	Ignoring event 'pageshow' because document has an invalid readyState of 'uninitialized'.
1619981914503	geckodriver	INFO	Listening on 127.0.0.1:34211
1619981915507	mozrunner::runner	INFO	Running command: "/usr/bin/firefox" "--marionette" "-headless" "user-agent=User-Agent: Mozilla/5.0 (X11; Linux x86_64; rv:88.0) Gecko/20100101 Firefox/88.0" "--window-size=1920,1080" "--ignore-certificate-errors" "--allow-running-insecure-content" "--disable-extensions" "--proxy-server=\'direct://\'" "--proxy-bypass-list=*" "--start-maximized" "--disable-gpu" "--disable-dev-shm-usage" "--no-sandbox" "-foreground" "-no-remote" "-profile" "/tmp/rust_mozprofilelzmgzd"
*** You are running in headless mode.
[GFX1-]: More than 1 GPU from same vendor detected via PCI, cannot deduce device
1619981915862	Marionette	INFO	Marionette enabled

(/usr/lib/firefox/firefox:13255): GLib-GObject-CRITICAL **: 20:58:36.310: g_object_set: assertion 'G_IS_OBJECT (object)' failed

(/usr/lib/firefox/firefox:13271): GLib-GObject-CRITICAL **: 20:58:36.377: g_object_set: assertion 'G_IS_OBJECT (object)' failed
console.warn: SearchSettings: "get: No settings file exists, new profile?" (new Error("", "(unknown module)"))

(/usr/lib/firefox/firefox:13309): GLib-GObject-CRITICAL **: 20:58:36.603: g_object_set: assertion 'G_IS_OBJECT (object)' failed
1619981917298	Marionette	INFO	Listening on port 36973
1619981917330	Marionette	WARN	TLS certificate errors will be ignored for this session

(/usr/lib/firefox/firefox:13380): GLib-GObject-CRITICAL **: 20:58:37.358: g_object_set: assertion 'G_IS_OBJECT (object)' failed
JavaScript error: resource://gre/modules/XULStore.jsm, line 66: Error: Can't find profile directory.
JavaScript error: resource://gre/modules/XULStore.jsm, line 66: Error: Can't find profile directory.
JavaScript error: resource://gre/modules/XULStore.jsm, line 66: Error: Can't find profile directory.
JavaScript error: resource://gre/modules/XULStore.jsm, line 66: Error: Can't find profile directory.

(/usr/lib/firefox/firefox:13432): GLib-GObject-CRITICAL **: 20:58:38.859: g_object_set: assertion 'G_IS_OBJECT (object)' failed
1619981919592	Marionette	WARN	Ignoring event 'pageshow' because document has an invalid readyState of 'uninitialized'.
1619981994454	geckodriver	INFO	Listening on 127.0.0.1:38253
1619981995459	mozrunner::runner	INFO	Running command: "/usr/bin/firefox" "--marionette" "-headless" "user-agent=User-Agent: Mozilla/5.0 (X11; Linux x86_64; rv:88.0) Gecko/20100101 Firefox/88.0" "--window-size=1920,1080" "--ignore-certificate-errors" "--allow-running-insecure-content" "--disable-extensions" "--proxy-server=\'direct://\'" "--proxy-bypass-list=*" "--start-maximized" "--disable-gpu" "--disable-dev-shm-usage" "--no-sandbox" "-foreground" "-no-remote" "-profile" "/tmp/rust_mozprofile9PFBNf"
*** You are running in headless mode.
[GFX1-]: More than 1 GPU from same vendor detected via PCI, cannot deduce device
1619981995806	Marionette	INFO	Marionette enabled

(/usr/lib/firefox/firefox:14397): GLib-GObject-CRITICAL **: 20:59:56.195: g_object_set: assertion 'G_IS_OBJECT (object)' failed

(/usr/lib/firefox/firefox:14413): GLib-GObject-CRITICAL **: 20:59:56.303: g_object_set: assertion 'G_IS_OBJECT (object)' failed
console.warn: SearchSettings: "get: No settings file exists, new profile?" (new Error("", "(unknown module)"))

(/usr/lib/firefox/firefox:14452): GLib-GObject-CRITICAL **: 20:59:56.545: g_object_set: assertion 'G_IS_OBJECT (object)' failed
1619981997349	Marionette	INFO	Listening on port 36535
1619981997384	Marionette	WARN	TLS certificate errors will be ignored for this session

(/usr/lib/firefox/firefox:14519): GLib-GObject-CRITICAL **: 20:59:57.414: g_object_set: assertion 'G_IS_OBJECT (object)' failed
JavaScript error: resource://gre/modules/XULStore.jsm, line 66: Error: Can't find profile directory.
JavaScript error: resource://gre/modules/XULStore.jsm, line 66: Error: Can't find profile directory.
JavaScript error: resource://gre/modules/XULStore.jsm, line 66: Error: Can't find profile directory.
JavaScript error: resource://gre/modules/XULStore.jsm, line 66: Error: Can't find profile directory.

(/usr/lib/firefox/firefox:14576): GLib-GObject-CRITICAL **: 20:59:59.046: g_object_set: assertion 'G_IS_OBJECT (object)' failed
1619982000729	Marionette	WARN	Ignoring event 'pageshow' because document has an invalid readyState of 'uninitialized'.
1619982062006	geckodriver	INFO	Listening on 127.0.0.1:53373
1619982062009	mozrunner::runner	INFO	Running command: "/usr/bin/firefox" "--marionette" "-headless" "user-agent=User-Agent: Mozilla/5.0 (X11; Linux x86_64; rv:88.0) Gecko/20100101 Firefox/88.0" "--window-size=1920,1080" "--ignore-certificate-errors" "--allow-running-insecure-content" "--disable-extensions" "--proxy-server=\'direct://\'" "--proxy-bypass-list=*" "--start-maximized" "--disable-gpu" "--disable-dev-shm-usage" "--no-sandbox" "-foreground" "-no-remote" "-profile" "/tmp/rust_mozprofileAgo3gY"
*** You are running in headless mode.
[GFX1-]: More than 1 GPU from same vendor detected via PCI, cannot deduce device
1619982062316	Marionette	INFO	Marionette enabled

(/usr/lib/firefox/firefox:15424): GLib-GObject-CRITICAL **: 21:01:02.712: g_object_set: assertion 'G_IS_OBJECT (object)' failed

(/usr/lib/firefox/firefox:15442): GLib-GObject-CRITICAL **: 21:01:02.792: g_object_set: assertion 'G_IS_OBJECT (object)' failed
console.warn: SearchSettings: "get: No settings file exists, new profile?" (new Error("", "(unknown module)"))

(/usr/lib/firefox/firefox:15480): GLib-GObject-CRITICAL **: 21:01:03.101: g_object_set: assertion 'G_IS_OBJECT (object)' failed
1619982064054	Marionette	INFO	Listening on port 42877

(/usr/lib/firefox/firefox:15570): GLib-GObject-CRITICAL **: 21:01:04.117: g_object_set: assertion 'G_IS_OBJECT (object)' failed
1619982064135	Marionette	WARN	TLS certificate errors will be ignored for this session
JavaScript error: resource://gre/modules/XULStore.jsm, line 66: Error: Can't find profile directory.
JavaScript error: resource://gre/modules/XULStore.jsm, line 66: Error: Can't find profile directory.
JavaScript error: resource://gre/modules/XULStore.jsm, line 66: Error: Can't find profile directory.
JavaScript error: resource://gre/modules/XULStore.jsm, line 66: Error: Can't find profile directory.
1619982085979	geckodriver	INFO	Listening on 127.0.0.1:39509
1619982085983	mozrunner::runner	INFO	Running command: "/usr/bin/firefox" "--marionette" "-headless" "user-agent=User-Agent: Mozilla/5.0 (X11; Linux x86_64; rv:88.0) Gecko/20100101 Firefox/88.0" "--window-size=1920,1080" "--ignore-certificate-errors" "--allow-running-insecure-content" "--disable-extensions" "--proxy-server=\'direct://\'" "--proxy-bypass-list=*" "--start-maximized" "--disable-gpu" "--disable-dev-shm-usage" "--no-sandbox" "-foreground" "-no-remote" "-profile" "/tmp/rust_mozprofile9Zxg8P"
*** You are running in headless mode.
[GFX1-]: More than 1 GPU from same vendor detected via PCI, cannot deduce device
1619982086296	Marionette	INFO	Marionette enabled

(/usr/lib/firefox/firefox:16051): GLib-GObject-CRITICAL **: 21:01:26.708: g_object_set: assertion 'G_IS_OBJECT (object)' failed

(/usr/lib/firefox/firefox:16069): GLib-GObject-CRITICAL **: 21:01:26.811: g_object_set: assertion 'G_IS_OBJECT (object)' failed
console.warn: SearchSettings: "get: No settings file exists, new profile?" (new Error("", "(unknown module)"))

(/usr/lib/firefox/firefox:16106): GLib-GObject-CRITICAL **: 21:01:27.040: g_object_set: assertion 'G_IS_OBJECT (object)' failed
1619982087864	Marionette	INFO	Listening on port 36243
1619982087905	Marionette	WARN	TLS certificate errors will be ignored for this session

(/usr/lib/firefox/firefox:16178): GLib-GObject-CRITICAL **: 21:01:27.914: g_object_set: assertion 'G_IS_OBJECT (object)' failed
JavaScript error: resource://gre/modules/XULStore.jsm, line 66: Error: Can't find profile directory.
JavaScript error: resource://gre/modules/XULStore.jsm, line 66: Error: Can't find profile directory.
JavaScript error: resource://gre/modules/XULStore.jsm, line 66: Error: Can't find profile directory.
JavaScript error: resource://gre/modules/XULStore.jsm, line 66: Error: Can't find profile directory.

(/usr/lib/firefox/firefox:16231): GLib-GObject-CRITICAL **: 21:01:29.453: g_object_set: assertion 'G_IS_OBJECT (object)' failed
1619982090306	Marionette	WARN	Ignoring event 'pageshow' because document has an invalid readyState of 'uninitialized'.
1619982166581	geckodriver	INFO	Listening on 127.0.0.1:34273
1619982166584	mozrunner::runner	INFO	Running command: "/usr/bin/firefox" "--marionette" "-headless" "user-agent=User-Agent: Mozilla/5.0 (X11; Linux x86_64; rv:88.0) Gecko/20100101 Firefox/88.0" "--window-size=1920,1080" "--ignore-certificate-errors" "--allow-running-insecure-content" "--disable-extensions" "--proxy-server=\'direct://\'" "--proxy-bypass-list=*" "--start-maximized" "--disable-gpu" "--disable-dev-shm-usage" "--no-sandbox" "-foreground" "-no-remote" "-profile" "/tmp/rust_mozprofilewUrrxw"
*** You are running in headless mode.
[GFX1-]: More than 1 GPU from same vendor detected via PCI, cannot deduce device
1619982166924	Marionette	INFO	Marionette enabled
1619982190856	geckodriver	INFO	Listening on 127.0.0.1:37891
1619982190859	mozrunner::runner	INFO	Running command: "/usr/bin/firefox" "--marionette" "-foreground" "-no-remote" "-profile" "/tmp/rust_mozprofileN5rXFu"
[GFX1-]: More than 1 GPU from same vendor detected via PCI, cannot deduce device
1619982191182	Marionette	INFO	Marionette enabled
console.warn: SearchSettings: "get: No settings file exists, new profile?" (new Error("", "(unknown module)"))
1619982192829	Marionette	INFO	Listening on port 39941
1619982192880	Marionette	WARN	TLS certificate errors will be ignored for this session
1619982195860	Marionette	WARN	Ignoring event 'pageshow' because document has an invalid readyState of 'uninitialized'.
1619982196559	Marionette	INFO	Stopped listening on port 39941
IPDL protocol error: Handler returned error code!

###!!! [Parent][DispatchAsyncMessage] Error: PLayerTransaction::Msg_ReleaseLayer Processing error: message was deserialized, but the handler returned false (indicating failure)

IPDL protocol error: Handler returned error code!

###!!! [Parent][DispatchAsyncMessage] Error: PLayerTransaction::Msg_ReleaseLayer Processing error: message was deserialized, but the handler returned false (indicating failure)

IPDL protocol error: Handler returned error code!

###!!! [Parent][DispatchAsyncMessage] Error: PLayerTransaction::Msg_ReleaseLayer Processing error: message was deserialized, but the handler returned false (indicating failure)

IPDL protocol error: Handler returned error code!

###!!! [Parent][DispatchAsyncMessage] Error: PLayerTransaction::Msg_ReleaseLayer Processing error: message was deserialized, but the handler returned false (indicating failure)

IPDL protocol error: Handler returned error code!

###!!! [Parent][DispatchAsyncMessage] Error: PLayerTransaction::Msg_ReleaseLayer Processing error: message was deserialized, but the handler returned false (indicating failure)

IPDL protocol error: Handler returned error code!

###!!! [Parent][DispatchAsyncMessage] Error: PLayerTransaction::Msg_ReleaseLayer Processing error: message was deserialized, but the handler returned false (indicating failure)

IPDL protocol error: Handler returned error code!

###!!! [Parent][DispatchAsyncMessage] Error: PLayerTransaction::Msg_ReleaseLayer Processing error: message was deserialized, but the handler returned false (indicating failure)

IPDL protocol error: Handler returned error code!

###!!! [Parent][DispatchAsyncMessage] Error: PLayerTransaction::Msg_ReleaseLayer Processing error: message was deserialized, but the handler returned false (indicating failure)

IPDL protocol error: Handler returned error code!

###!!! [Parent][DispatchAsyncMessage] Error: PLayerTransaction::Msg_ReleaseLayer Processing error: message was deserialized, but the handler returned false (indicating failure)

IPDL protocol error: Handler returned error code!

###!!! [Parent][DispatchAsyncMessage] Error: PLayerTransaction::Msg_ReleaseLayer Processing error: message was deserialized, but the handler returned false (indicating failure)

IPDL protocol error: Handler returned error code!

###!!! [Parent][DispatchAsyncMessage] Error: PLayerTransaction::Msg_ReleaseLayer Processing error: message was deserialized, but the handler returned false (indicating failure)

IPDL protocol error: Handler returned error code!

###!!! [Parent][DispatchAsyncMessage] Error: PLayerTransaction::Msg_ReleaseLayer Processing error: message was deserialized, but the handler returned false (indicating failure)

IPDL protocol error: Handler returned error code!

###!!! [Parent][DispatchAsyncMessage] Error: PLayerTransaction::Msg_ReleaseLayer Processing error: message was deserialized, but the handler returned false (indicating failure)

IPDL protocol error: Handler returned error code!

###!!! [Parent][DispatchAsyncMessage] Error: PLayerTransaction::Msg_ReleaseLayer Processing error: message was deserialized, but the handler returned false (indicating failure)

JavaScript error: https://www.youtube.com/s/desktop/3a84d4c0/jsbin/scheduler.vflset/scheduler.js, line 36: NS_ERROR_NOT_INITIALIZED: 
JavaScript error: https://www.youtube.com/s/desktop/3a84d4c0/jsbin/scheduler.vflset/scheduler.js, line 36: NS_ERROR_NOT_INITIALIZED: 

###!!! [Parent][RunMessage] Error: Channel closing: too late to send/recv, messages will be lost

1619982222180	geckodriver	INFO	Listening on 127.0.0.1:55347
1619982222183	mozrunner::runner	INFO	Running command: "/usr/bin/firefox" "--marionette" "-foreground" "-no-remote" "-profile" "/tmp/rust_mozprofileaX9E0X"
[GFX1-]: More than 1 GPU from same vendor detected via PCI, cannot deduce device
1619982222518	Marionette	INFO	Marionette enabled
console.warn: SearchSettings: "get: No settings file exists, new profile?" (new Error("", "(unknown module)"))
1619982224182	Marionette	INFO	Listening on port 35869
1619982224215	Marionette	WARN	TLS certificate errors will be ignored for this session
1619982226510	Marionette	WARN	Ignoring event 'pageshow' because document has an invalid readyState of 'uninitialized'.
1619982228052	Marionette	INFO	Stopped listening on port 35869
IPDL protocol error: Handler returned error code!

###!!! [Parent][DispatchAsyncMessage] Error: PLayerTransaction::Msg_ReleaseLayer Processing error: message was deserialized, but the handler returned false (indicating failure)

IPDL protocol error: Handler returned error code!

###!!! [Parent][DispatchAsyncMessage] Error: PLayerTransaction::Msg_ReleaseLayer Processing error: message was deserialized, but the handler returned false (indicating failure)

JavaScript error: https://www.youtube.com/s/desktop/3a84d4c0/jsbin/scheduler.vflset/scheduler.js, line 36: NS_ERROR_NOT_INITIALIZED: 
1619982302926	geckodriver	INFO	Listening on 127.0.0.1:39883
1619982302929	mozrunner::runner	INFO	Running command: "/usr/bin/firefox" "--marionette" "-foreground" "-no-remote" "-profile" "/tmp/rust_mozprofile9pNFF1"
[GFX1-]: More than 1 GPU from same vendor detected via PCI, cannot deduce device
1619982303274	Marionette	INFO	Marionette enabled
console.warn: SearchSettings: "get: No settings file exists, new profile?" (new Error("", "(unknown module)"))
1619982304995	Marionette	INFO	Listening on port 42861
1619982305062	Marionette	WARN	TLS certificate errors will be ignored for this session
1619982307239	Marionette	WARN	Ignoring event 'pageshow' because document has an invalid readyState of 'uninitialized'.
1619982308569	Marionette	INFO	Stopped listening on port 42861
1619982511078	geckodriver	INFO	Listening on 127.0.0.1:38167
1619982511081	mozrunner::runner	INFO	Running command: "/usr/bin/firefox" "--marionette" "-foreground" "-no-remote" "-profile" "/tmp/rust_mozprofileksxCuz"
[GFX1-]: More than 1 GPU from same vendor detected via PCI, cannot deduce device
1619982511517	Marionette	INFO	Marionette enabled
console.warn: SearchSettings: "get: No settings file exists, new profile?" (new Error("", "(unknown module)"))
1619982513449	Marionette	INFO	Listening on port 44289
1619982513515	Marionette	WARN	TLS certificate errors will be ignored for this session
1619982515960	Marionette	WARN	Ignoring event 'pageshow' because document has an invalid readyState of 'uninitialized'.
1619982518103	Marionette	INFO	Stopped listening on port 44289
IPDL protocol error: Handler returned error code!

###!!! [Parent][DispatchAsyncMessage] Error: PLayerTransaction::Msg_ReleaseLayer Processing error: message was deserialized, but the handler returned false (indicating failure)

IPDL protocol error: Handler returned error code!

###!!! [Parent][DispatchAsyncMessage] Error: PLayerTransaction::Msg_ReleaseLayer Processing error: message was deserialized, but the handler returned false (indicating failure)

IPDL protocol error: Handler returned error code!

###!!! [Parent][DispatchAsyncMessage] Error: PLayerTransaction::Msg_ReleaseLayer Processing error: message was deserialized, but the handler returned false (indicating failure)

IPDL protocol error: Handler returned error code!

###!!! [Parent][DispatchAsyncMessage] Error: PLayerTransaction::Msg_ReleaseLayer Processing error: message was deserialized, but the handler returned false (indicating failure)

IPDL protocol error: Handler returned error code!

###!!! [Parent][DispatchAsyncMessage] Error: PLayerTransaction::Msg_ReleaseLayer Processing error: message was deserialized, but the handler returned false (indicating failure)

IPDL protocol error: Handler returned error code!

###!!! [Parent][DispatchAsyncMessage] Error: PLayerTransaction::Msg_ReleaseLayer Processing error: message was deserialized, but the handler returned false (indicating failure)

IPDL protocol error: Handler returned error code!

###!!! [Parent][DispatchAsyncMessage] Error: PLayerTransaction::Msg_ReleaseLayer Processing error: message was deserialized, but the handler returned false (indicating failure)


###!!! [Parent][RunMessage] Error: Channel closing: too late to send/recv, messages will be lost

1619982528583	geckodriver	INFO	Listening on 127.0.0.1:43905
1619982528586	mozrunner::runner	INFO	Running command: "/usr/bin/firefox" "--marionette" "-foreground" "-no-remote" "-profile" "/tmp/rust_mozprofilegEfu6K"
[GFX1-]: More than 1 GPU from same vendor detected via PCI, cannot deduce device
1619982528925	Marionette	INFO	Marionette enabled
console.warn: SearchSettings: "get: No settings file exists, new profile?" (new Error("", "(unknown module)"))
1619982530507	Marionette	INFO	Listening on port 36099
1619982530614	Marionette	WARN	TLS certificate errors will be ignored for this session
1619982533657	Marionette	WARN	Ignoring event 'pageshow' because document has an invalid readyState of 'uninitialized'.
1619982533956	Marionette	INFO	Stopped listening on port 36099
IPDL protocol error: Handler returned error code!

###!!! [Parent][DispatchAsyncMessage] Error: PLayerTransaction::Msg_ReleaseLayer Processing error: message was deserialized, but the handler returned false (indicating failure)


###!!! [Parent][RunMessage] Error: Channel closing: too late to send/recv, messages will be lost

1619982607356	geckodriver	INFO	Listening on 127.0.0.1:53647
1619982607359	mozrunner::runner	INFO	Running command: "/usr/bin/firefox" "--marionette" "-headless" "user-agent=User-Agent: Mozilla/5.0 (X11; Linux x86_64; rv:88.0) Gecko/20100101 Firefox/88.0" "--window-size=1920,1080" "--ignore-certificate-errors" "--allow-running-insecure-content" "--disable-extensions" "--proxy-server=\'direct://\'" "--proxy-bypass-list=*" "--start-maximized" "--disable-gpu" "--disable-dev-shm-usage" "--no-sandbox" "-foreground" "-no-remote" "-profile" "/tmp/rust_mozprofileDbpkgg"
*** You are running in headless mode.
[GFX1-]: More than 1 GPU from same vendor detected via PCI, cannot deduce device
1619982607681	Marionette	INFO	Marionette enabled

(/usr/lib/firefox/firefox:23452): GLib-GObject-CRITICAL **: 21:10:08.073: g_object_set: assertion 'G_IS_OBJECT (object)' failed

(/usr/lib/firefox/firefox:23468): GLib-GObject-CRITICAL **: 21:10:08.132: g_object_set: assertion 'G_IS_OBJECT (object)' failed
console.warn: SearchSettings: "get: No settings file exists, new profile?" (new Error("", "(unknown module)"))

(/usr/lib/firefox/firefox:23509): GLib-GObject-CRITICAL **: 21:10:08.398: g_object_set: assertion 'G_IS_OBJECT (object)' failed
1619982609190	Marionette	INFO	Listening on port 41815

(/usr/lib/firefox/firefox:23573): GLib-GObject-CRITICAL **: 21:10:09.256: g_object_set: assertion 'G_IS_OBJECT (object)' failed
1619982609280	Marionette	WARN	TLS certificate errors will be ignored for this session
JavaScript error: resource://gre/modules/XULStore.jsm, line 66: Error: Can't find profile directory.
JavaScript error: resource://gre/modules/XULStore.jsm, line 66: Error: Can't find profile directory.
JavaScript error: resource://gre/modules/XULStore.jsm, line 66: Error: Can't find profile directory.
JavaScript error: resource://gre/modules/XULStore.jsm, line 66: Error: Can't find profile directory.

(/usr/lib/firefox/firefox:23634): GLib-GObject-CRITICAL **: 21:10:10.854: g_object_set: assertion 'G_IS_OBJECT (object)' failed
1619982612717	Marionette	WARN	Ignoring event 'pageshow' because document has an invalid readyState of 'uninitialized'.
1619982629338	geckodriver	INFO	Listening on 127.0.0.1:45847
1619982629340	mozrunner::runner	INFO	Running command: "/usr/bin/firefox" "--marionette" "-headless" "user-agent=User-Agent: Mozilla/5.0 (X11; Linux x86_64; rv:88.0) Gecko/20100101 Firefox/88.0" "--window-size=1920,1080" "--ignore-certificate-errors" "--allow-running-insecure-content" "--disable-extensions" "--proxy-server=\'direct://\'" "--proxy-bypass-list=*" "--start-maximized" "--disable-gpu" "--disable-dev-shm-usage" "--no-sandbox" "-foreground" "-no-remote" "-profile" "/tmp/rust_mozprofileLVWTB8"
*** You are running in headless mode.
[GFX1-]: More than 1 GPU from same vendor detected via PCI, cannot deduce device
1619982629640	Marionette	INFO	Marionette enabled

(/usr/lib/firefox/firefox:23936): GLib-GObject-CRITICAL **: 21:10:30.053: g_object_set: assertion 'G_IS_OBJECT (object)' failed

(/usr/lib/firefox/firefox:23952): GLib-GObject-CRITICAL **: 21:10:30.129: g_object_set: assertion 'G_IS_OBJECT (object)' failed
console.warn: SearchSettings: "get: No settings file exists, new profile?" (new Error("", "(unknown module)"))

(/usr/lib/firefox/firefox:23990): GLib-GObject-CRITICAL **: 21:10:30.389: g_object_set: assertion 'G_IS_OBJECT (object)' failed
1619982631057	Marionette	INFO	Listening on port 35307

(/usr/lib/firefox/firefox:24072): GLib-GObject-CRITICAL **: 21:10:31.113: g_object_set: assertion 'G_IS_OBJECT (object)' failed
1619982631158	Marionette	WARN	TLS certificate errors will be ignored for this session

(/usr/lib/firefox/firefox:24106): GLib-GObject-CRITICAL **: 21:10:31.745: g_object_set: assertion 'G_IS_OBJECT (object)' failed
JavaScript error: resource://gre/modules/XULStore.jsm, line 66: Error: Can't find profile directory.
JavaScript error: resource://gre/modules/XULStore.jsm, line 66: Error: Can't find profile directory.
JavaScript error: resource://gre/modules/XULStore.jsm, line 66: Error: Can't find profile directory.
JavaScript error: resource://gre/modules/XULStore.jsm, line 66: Error: Can't find profile directory.
1619982634507	Marionette	WARN	Ignoring event 'pageshow' because document has an invalid readyState of 'uninitialized'.
JavaScript error: resource:///actors/ContentMetaChild.jsm, line 179: InvalidStateError: JSWindowActorChild.sendAsyncMessage: JSWindowActorChild cannot send at the moment
